2024-06-12T13:36:47.302Z [32minfo[39m: Server running on port 8000
2024-06-12T15:29:18.489Z [32minfo[39m: Server running on port 8000
2024-06-12T15:30:42.585Z [32minfo[39m: User Tendwa logged in
2024-06-12T15:32:24.188Z [32minfo[39m: Server running on port 8000
2024-06-12T15:33:58.123Z [32minfo[39m: Server running on port 8000
2024-06-12T15:35:16.504Z [32minfo[39m: Server running on port 8000
2024-06-12T15:36:36.141Z [32minfo[39m: Server running on port 8000
2024-06-12T15:37:00.516Z [32minfo[39m: Server running on port 8000
2024-06-12T15:37:12.900Z [32minfo[39m: Server running on port 8000
2024-06-12T15:38:21.157Z [32minfo[39m: Server running on port 8000
2024-06-12T15:38:49.267Z [32minfo[39m: Server running on port 8000
2024-06-12T15:39:26.261Z [32minfo[39m: Server running on port 8000
2024-06-12T15:39:41.611Z [32minfo[39m: Server running on port 8000
2024-06-12T15:40:19.017Z [32minfo[39m: Server running on port 8000
2024-06-12T15:40:25.457Z [32minfo[39m: Server running on port 8000
2024-06-12T15:41:10.731Z [32minfo[39m: Server running on port 8000
2024-06-12T15:41:45.165Z [32minfo[39m: Server running on port 8000
2024-06-12T15:41:55.158Z [32minfo[39m: Server running on port 8000
2024-06-12T15:43:22.766Z [32minfo[39m: Server running on port 8000
2024-06-12T15:44:57.352Z [32minfo[39m: Server running on port 8000
2024-06-12T15:46:00.561Z [32minfo[39m: Server running on port 8000
2024-06-12T15:46:44.614Z [32minfo[39m: Server running on port 8000
2024-06-12T15:48:14.951Z [32minfo[39m: Server running on port 8000
2024-06-12T15:48:25.956Z [32minfo[39m: Server running on port 8000
2024-06-12T15:53:12.674Z [32minfo[39m: Server running on port 8000
2024-06-12T15:53:15.706Z [32minfo[39m: Book The DEChemist created by Tendwa
2024-06-12T15:53:40.540Z [32minfo[39m: Book The ALChemist created by Tendwa
2024-06-12T15:53:48.199Z [32minfo[39m: Book The Chemist created by Tendwa
2024-06-12T15:54:41.215Z [32minfo[39m: Book The PeChemist created by Tendwa
2024-06-12T15:56:36.542Z [32minfo[39m: Server running on port 8000
2024-06-12T15:57:11.197Z [32minfo[39m: Server running on port 8000
2024-06-12T16:00:20.257Z [32minfo[39m: Server running on port 8000
2024-06-12T16:02:42.354Z [32minfo[39m: Server running on port 8000
2024-06-12T16:03:56.341Z [32minfo[39m: Server running on port 8000
2024-06-12T16:05:04.705Z [32minfo[39m: Server running on port 8000
2024-06-12T16:05:30.314Z [32minfo[39m: Server running on port 8000
2024-06-12T16:06:03.943Z [32minfo[39m: Server running on port 8000
2024-06-12T16:06:52.531Z [32minfo[39m: Server running on port 8000
2024-06-12T16:07:31.234Z [32minfo[39m: Server running on port 8000
2024-06-12T16:08:27.178Z [32minfo[39m: Server running on port 8000
2024-06-12T16:08:53.262Z [32minfo[39m: Server running on port 8000
2024-06-12T16:10:57.116Z [32minfo[39m: Server running on port 8000
2024-06-12T16:12:00.051Z [32minfo[39m: Server running on port 8000
2024-06-12T16:12:26.349Z [32minfo[39m: Server running on port 8000
2024-06-12T16:14:39.216Z [32minfo[39m: Server running on port 8000
2024-06-12T16:15:30.804Z [32minfo[39m: Server running on port 8000
2024-06-12T16:15:58.004Z [32minfo[39m: Server running on port 8000
2024-06-12T16:16:28.662Z [32minfo[39m: Server running on port 8000
2024-06-12T16:18:13.791Z [32minfo[39m: Server running on port 8000
2024-06-12T16:19:45.409Z [32minfo[39m: Server running on port 8000
2024-06-12T16:20:45.230Z [32minfo[39m: Server running on port 8000
2024-06-12T16:21:38.756Z [32minfo[39m: Server running on port 8000
2024-06-12T16:22:02.447Z [32minfo[39m: Server running on port 8000
2024-06-12T16:24:10.259Z [32minfo[39m: Server running on port 8000
2024-06-12T16:24:25.285Z [32minfo[39m: Server running on port 8000
2024-06-12T16:25:41.599Z [32minfo[39m: Server running on port 8000
2024-06-12T16:31:36.515Z [32minfo[39m: Server running on port 8000
2024-06-12T21:10:50.256Z [32minfo[39m: Server running on port 8000
2024-06-12T21:13:06.564Z [32minfo[39m: Server running on port 8000
2024-06-12T21:15:28.707Z [32minfo[39m: Server running on port 8000
2024-06-12T21:18:34.504Z [32minfo[39m: Server running on port 8000
2024-06-12T21:19:10.238Z [32minfo[39m: Server running on port 8000
2024-06-12T21:20:16.041Z [32minfo[39m: Server running on port 8000
2024-06-12T21:20:30.650Z [32minfo[39m: Book The Alchemist created by Tendwa
2024-06-12T21:21:33.286Z [32minfo[39m: Server running on port 8000
2024-06-12T21:21:38.609Z [32minfo[39m: Book The Alchemist created by Tendwa
2024-06-12T21:21:38.640Z [32minfo[39m: Book created
2024-06-12T21:22:00.366Z [32minfo[39m: Server running on port 8000
2024-06-12T21:22:30.262Z [32minfo[39m: Server running on port 8000
2024-06-12T21:22:34.725Z [32minfo[39m: Book The Alchemist created by Tendwa
2024-06-12T21:22:50.343Z [32minfo[39m: Server running on port 8000
2024-06-12T21:24:00.596Z [32minfo[39m: Server running on port 8000
2024-06-12T21:24:44.341Z [32minfo[39m: Server running on port 8000
2024-06-12T21:25:44.370Z [32minfo[39m: Server running on port 8000
2024-06-12T21:26:33.201Z [32minfo[39m: Server running on port 8000
2024-06-12T21:26:53.262Z [32minfo[39m: Server running on port 8000
2024-06-12T21:27:21.727Z [32minfo[39m: Server running on port 8000
2024-06-12T21:27:42.869Z [32minfo[39m: Server running on port 8000
2024-06-12T21:28:05.049Z [32minfo[39m: Server running on port 8000
2024-06-12T21:28:27.763Z [32minfo[39m: Server running on port 8000
2024-06-12T21:28:40.635Z [32minfo[39m: Server running on port 8000
2024-06-12T21:29:07.853Z [32minfo[39m: Server running on port 8000
2024-06-12T21:29:19.019Z [32minfo[39m: Server running on port 8000
2024-06-12T21:29:42.139Z [32minfo[39m: Server running on port 8000
2024-06-12T21:31:58.221Z [32minfo[39m: Server running on port 8000
2024-06-12T21:32:35.241Z [32minfo[39m: Server running on port 8000
2024-06-12T21:33:06.687Z [32minfo[39m: Server running on port 8000
2024-06-12T21:34:28.250Z [32minfo[39m: Server running on port 8000
2024-06-12T21:34:41.880Z [32minfo[39m: Server running on port 8000
2024-06-12T21:35:00.128Z [32minfo[39m: Server running on port 8000
2024-06-12T21:35:38.589Z [32minfo[39m: Server running on port 8000
2024-06-12T21:35:56.832Z [32minfo[39m: Server running on port 8000
2024-06-12T21:36:33.018Z [32minfo[39m: Server running on port 8000
2024-06-12T21:37:12.803Z [32minfo[39m: Server running on port 8000
2024-06-12T21:37:44.238Z [32minfo[39m: Server running on port 8000
2024-06-12T21:37:55.830Z [32minfo[39m: Server running on port 8000
2024-06-12T21:38:31.966Z [32minfo[39m: Server running on port 8000
2024-06-12T21:38:42.506Z [32minfo[39m: Server running on port 8000
2024-06-12T21:39:47.961Z [32minfo[39m: Server running on port 8000
2024-06-12T21:40:42.891Z [32minfo[39m: Server running on port 8000
2024-06-12T21:40:58.253Z [32minfo[39m: Server running on port 8000
2024-06-12T21:41:17.479Z [32minfo[39m: Book The Alchemist created by Tendwa
2024-06-12T21:41:17.511Z [32minfo[39m: Book created
2024-06-12T21:42:04.739Z [32minfo[39m: Server running on port 8000
2024-06-12T21:42:37.362Z [32minfo[39m: Book The Alchemist created by Tendwa
2024-06-12T21:42:37.399Z [32minfo[39m: Book created
2024-06-12T21:44:44.376Z [32minfo[39m: Server running on port 8000
2024-06-12T21:45:19.656Z [32minfo[39m: Server running on port 8000
2024-06-12T21:45:44.264Z [32minfo[39m: Server running on port 8000
2024-06-12T21:46:04.193Z [32minfo[39m: Server running on port 8000
2024-06-12T21:46:17.449Z [32minfo[39m: Server running on port 8000
2024-06-12T21:48:06.078Z [32minfo[39m: Server running on port 8000
2024-06-12T21:48:42.626Z [32minfo[39m: Server running on port 8000
2024-06-12T21:49:17.728Z [32minfo[39m: Server running on port 8000
2024-06-12T21:51:58.504Z [32minfo[39m: Server running on port 8000
2024-06-12T21:52:33.218Z [32minfo[39m: Server running on port 8000
2024-06-12T21:53:08.082Z [32minfo[39m: Server running on port 8000
2024-06-12T21:56:03.871Z [32minfo[39m: Server running on port 8000
2024-06-12T21:56:26.233Z [32minfo[39m: Server running on port 8000
2024-06-12T21:57:05.883Z [32minfo[39m: Server running on port 8000
2024-06-12T21:57:33.867Z [32minfo[39m: Server running on port 8000
2024-06-12T21:57:45.540Z [32minfo[39m: Server running on port 8000
2024-06-12T21:59:06.400Z [32minfo[39m: Server running on port 8000
2024-06-12T22:00:17.773Z [32minfo[39m: Server running on port 8000
2024-06-12T22:00:55.336Z [32minfo[39m: Server running on port 8000
2024-06-12T22:01:30.011Z [32minfo[39m: Server running on port 8000
2024-06-12T22:03:07.240Z [32minfo[39m: Server running on port 8000
2024-06-12T22:03:26.630Z [32minfo[39m: Server running on port 8000
2024-06-12T22:03:51.040Z [32minfo[39m: Server running on port 8000
2024-06-12T22:05:12.717Z [32minfo[39m: Server running on port 8000
2024-06-12T22:05:51.012Z [32minfo[39m: Server running on port 8000
2024-06-12T22:06:12.128Z [32minfo[39m: Server running on port 8000
2024-06-12T22:09:05.672Z [32minfo[39m: Server running on port 8000
2024-06-12T22:10:30.937Z [32minfo[39m: Server running on port 8000
2024-06-12T22:11:35.584Z [32minfo[39m: Server running on port 8000
2024-06-12T22:11:51.887Z [32minfo[39m: Server running on port 8000
2024-06-12T22:13:21.649Z [32minfo[39m: Server running on port 8000
2024-06-12T22:13:30.655Z [32minfo[39m: Server running on port 8000
2024-06-12T22:13:47.498Z [32minfo[39m: Server running on port 8000
2024-06-12T22:14:06.491Z [32minfo[39m: Server running on port 8000
2024-06-12T22:14:20.805Z [32minfo[39m: Server running on port 8000
2024-06-12T22:14:42.134Z [32minfo[39m: Server running on port 8000
2024-06-12T22:15:44.963Z [32minfo[39m: Server running on port 8000
2024-06-12T22:15:57.966Z [32minfo[39m: Server running on port 8000
2024-06-12T22:16:18.504Z [32minfo[39m: Server running on port 8000
2024-06-12T22:17:23.578Z [32minfo[39m: Server running on port 8000
2024-06-12T22:18:45.269Z [32minfo[39m: Server running on port 8000
2024-06-12T22:18:49.500Z [32minfo[39m: Author with ID AU035 deleted by Tendwa
2024-06-12T22:19:11.463Z [32minfo[39m: Server running on port 8000
2024-06-12T22:19:19.178Z [31merror[39m: Author not found
2024-06-12T22:20:46.607Z [32minfo[39m: Server running on port 8000
2024-06-12T22:21:04.375Z [32minfo[39m: Server running on port 8000
2024-06-12T22:21:33.861Z [32minfo[39m: Server running on port 8000
2024-06-12T22:21:39.958Z [32minfo[39m: Author with ID AU035 deleted by Tendwa
2024-06-12T22:22:17.657Z [32minfo[39m: Server running on port 8000
2024-06-12T22:22:35.530Z [32minfo[39m: Server running on port 8000
2024-06-12T22:22:54.667Z [32minfo[39m: Server running on port 8000
2024-06-12T22:23:12.948Z [32minfo[39m: Server running on port 8000
2024-06-12T22:24:25.385Z [32minfo[39m: Server running on port 8000
2024-06-12T22:25:57.818Z [32minfo[39m: Server running on port 8000
2024-06-12T22:26:13.661Z [32minfo[39m: Server running on port 8000
2024-06-12T22:26:16.158Z [32minfo[39m: Server running on port 8000
2024-06-12T22:27:59.423Z [32minfo[39m: Server running on port 8000
2024-06-12T22:29:09.496Z [32minfo[39m: Server running on port 8000
2024-06-12T22:29:28.798Z [32minfo[39m: Server running on port 8000
2024-06-12T22:30:52.470Z [32minfo[39m: Server running on port 8000
2024-06-12T22:32:23.250Z [32minfo[39m: Server running on port 8000
2024-06-12T22:33:41.712Z [32minfo[39m: Server running on port 8000
2024-06-12T22:34:20.720Z [32minfo[39m: Server running on port 8000
2024-06-12T22:35:35.831Z [32minfo[39m: Server running on port 8000
2024-06-12T22:37:18.053Z [32minfo[39m: Server running on port 8000
2024-06-12T22:37:49.445Z [32minfo[39m: Server running on port 8000
2024-06-12T22:38:07.781Z [32minfo[39m: Server running on port 8000
2024-06-12T22:38:31.843Z [32minfo[39m: Server running on port 8000
2024-06-12T22:40:22.061Z [32minfo[39m: Server running on port 8000
2024-06-12T22:44:19.273Z [32minfo[39m: Server running on port 8000
2024-06-12T22:44:50.879Z [32minfo[39m: Server running on port 8000
2024-06-12T22:45:38.129Z [32minfo[39m: Server running on port 8000
2024-06-12T22:45:41.956Z [32minfo[39m: Book The Alchemist created by Tendwa
2024-06-12T22:45:42.006Z [31merror[39m: address is not defined
2024-06-12T22:46:52.825Z [32minfo[39m: Server running on port 8000
2024-06-12T22:46:56.827Z [32minfo[39m: Book The Alchemist created by Tendwa
2024-06-12T22:49:56.624Z [32minfo[39m: Server running on port 8000
2024-06-12T22:50:03.476Z [32minfo[39m: Book The Alchemist created by Tendwa
2024-06-12T22:51:35.543Z [32minfo[39m: Server running on port 8000
2024-06-12T22:51:41.537Z [32minfo[39m: Book The Alchemist created by Tendwa
2024-06-12T22:52:02.723Z [32minfo[39m: Server running on port 8000
2024-06-12T22:52:06.969Z [32minfo[39m: Book The Alchemist created by Tendwa
2024-06-12T22:52:36.154Z [32minfo[39m: Server running on port 8000
2024-06-12T22:52:43.390Z [32minfo[39m: Book The Alchemist created by Tendwa
2024-06-12T22:52:43.522Z [31merror[39m: column Book.ISBN does not exist
2024-06-12T22:53:25.860Z [32minfo[39m: Server running on port 8000
2024-06-12T22:53:46.868Z [32minfo[39m: Book The Alchemist created by Tendwa
2024-06-12T22:53:47.024Z [31merror[39m: column Book.ISBN does not exist
2024-06-12T22:55:22.302Z [32minfo[39m: Server running on port 8000
2024-06-12T22:55:31.005Z [32minfo[39m: Book The Alchemist created by Tendwa
2024-06-12T22:55:31.139Z [31merror[39m: column Loan.bookISBN does not exist
2024-06-12T22:56:03.583Z [32minfo[39m: Server running on port 8000
2024-06-12T22:56:08.619Z [32minfo[39m: Book The Alchemist created by Tendwa
2024-06-12T22:57:23.136Z [32minfo[39m: Server running on port 8000
2024-06-12T22:57:28.393Z [32minfo[39m: Book The Alchemist created by Tendwa
2024-06-12T22:57:45.991Z [32minfo[39m: Server running on port 8000
2024-06-12T22:57:49.977Z [32minfo[39m: Book The Alchemist created by Tendwa
2024-06-12T22:58:03.918Z [32minfo[39m: Server running on port 8000
2024-06-12T22:58:09.613Z [32minfo[39m: Book The Alchemist created by Tendwa
2024-06-12T22:58:42.662Z [32minfo[39m: Server running on port 8000
2024-06-12T22:58:47.635Z [32minfo[39m: Book The Alchemist created by Tendwa
2024-06-12T22:59:18.428Z [32minfo[39m: Server running on port 8000
2024-06-12T22:59:38.496Z [32minfo[39m: Server running on port 8000
2024-06-12T23:00:49.352Z [32minfo[39m: Server running on port 8000
2024-06-12T23:00:53.348Z [32minfo[39m: Book The Alchemist created by Tendwa
2024-06-12T23:02:11.005Z [32minfo[39m: Server running on port 8000
2024-06-12T23:02:15.536Z [32minfo[39m: Book The Alchemist created by Tendwa
2024-06-12T23:02:22.946Z [32minfo[39m: Server running on port 8000
2024-06-12T23:02:27.303Z [32minfo[39m: Book The Alchemist created by Tendwa
2024-06-12T23:02:47.230Z [32minfo[39m: Server running on port 8000
2024-06-12T23:02:51.765Z [32minfo[39m: Book The Alchemist created by Tendwa
2024-06-12T23:03:25.953Z [32minfo[39m: Server running on port 8000
2024-06-12T23:05:02.569Z [32minfo[39m: Server running on port 8000
2024-06-12T23:05:12.314Z [32minfo[39m: Server running on port 8000
2024-06-12T23:05:31.729Z [32minfo[39m: Server running on port 8000
2024-06-12T23:06:11.426Z [32minfo[39m: Server running on port 8000
2024-06-12T23:06:56.410Z [32minfo[39m: Server running on port 8000
2024-06-12T23:07:50.507Z [32minfo[39m: Book The Alchemist created by Tendwa
2024-06-12T23:07:50.677Z [31merror[39m: column Loan.bookISBN does not exist
2024-06-12T23:08:40.691Z [32minfo[39m: Server running on port 8000
2024-06-12T23:08:43.380Z [32minfo[39m: Server running on port 8000
2024-06-12T23:09:12.251Z [32minfo[39m: Server running on port 8000
2024-06-12T23:09:39.852Z [32minfo[39m: Server running on port 8000
2024-06-12T23:09:44.256Z [32minfo[39m: Book The Alchemist created by Tendwa
2024-06-12T23:09:44.474Z [31merror[39m: column Loan.bookISBN does not exist
2024-06-12T23:10:26.187Z [32minfo[39m: Server running on port 8000
2024-06-12T23:10:30.350Z [32minfo[39m: Book The Alchemist created by Tendwa
2024-06-12T23:10:30.517Z [32minfo[39m: Loan with Member ID MB682 and Book ISBN 9780062315007 deleted by Tendwa
2024-06-12T23:14:39.900Z [32minfo[39m: Server running on port 8000
2024-06-12T23:15:24.058Z [32minfo[39m: Server running on port 8000
2024-06-12T23:16:32.175Z [32minfo[39m: Server running on port 8000
2024-06-12T23:16:36.008Z [32minfo[39m: Book The Alchemist created by Tendwa
2024-06-12T23:16:56.948Z [32minfo[39m: Server running on port 8000
2024-06-12T23:17:01.253Z [32minfo[39m: Book The Alchemist created by Tendwa
2024-06-12T23:18:17.526Z [32minfo[39m: Server running on port 8000
2024-06-12T23:18:44.981Z [32minfo[39m: Server running on port 8000
2024-06-12T23:19:14.473Z [32minfo[39m: Server running on port 8000
2024-06-12T23:20:35.869Z [32minfo[39m: Server running on port 8000
2024-06-12T23:20:39.670Z [32minfo[39m: Book The MAtchchemist created by Tendwa
2024-06-12T23:21:03.525Z [32minfo[39m: Server running on port 8000
2024-06-12T23:21:09.749Z [32minfo[39m: Book The MAtchchemist created by Tendwa
2024-06-12T23:21:09.818Z [32minfo[39m: Book The PEchemist created by Tendwa
2024-06-12T23:23:35.515Z [32minfo[39m: Book The MAtchchemist created by Tendwa
2024-06-12T23:23:35.691Z [32minfo[39m: Book The PEchemist created by Tendwa
2024-06-12T23:23:42.543Z [32minfo[39m: Server running on port 8000
2024-06-12T23:23:54.835Z [32minfo[39m: Book The MAtchchemist created by Tendwa
2024-06-12T23:23:54.959Z [32minfo[39m: Book The PEchemist created by Tendwa
2024-06-12T23:26:30.181Z [32minfo[39m: Server running on port 8000
2024-06-12T23:26:38.138Z [32minfo[39m: Book The MAtchchemist created by Tendwa
2024-06-12T23:26:38.268Z [32minfo[39m: Book The PEchemist created by Tendwa
2024-06-12T23:27:35.662Z [32minfo[39m: Server running on port 8000
2024-06-12T23:27:42.660Z [32minfo[39m: Book The MAtchchemist created by Tendwa
2024-06-12T23:27:42.788Z [32minfo[39m: Book The PEchemist created by Tendwa
2024-06-12T23:28:04.458Z [32minfo[39m: Server running on port 8000
2024-06-12T23:28:12.527Z [32minfo[39m: Book The MAtchchemist created by Tendwa
2024-06-12T23:28:12.665Z [32minfo[39m: Book The PEchemist created by Tendwa
2024-06-12T23:28:52.457Z [32minfo[39m: Server running on port 8000
2024-06-12T23:28:59.333Z [32minfo[39m: Book The MAtchchemist created by Tendwa
2024-06-12T23:28:59.438Z [32minfo[39m: Book The PEchemist created by Tendwa
2024-06-12T23:30:35.007Z [32minfo[39m: Server running on port 8000
2024-06-12T23:30:41.987Z [32minfo[39m: Book The MAtchchemist created by Tendwa
2024-06-12T23:30:42.106Z [32minfo[39m: Book The PEchemist created by Tendwa
2024-06-12T23:30:42.436Z [32minfo[39m: Loan with Member ID MB9 and Book ISBN 9780062315080 deleted by Tendwa
2024-06-12T23:30:42.494Z [32minfo[39m: Loan with Member ID MB9 and Book ISBN 9780062315090 deleted by Tendwa
2024-06-12T23:32:27.190Z [32minfo[39m: Server running on port 8000
2024-06-12T23:33:13.696Z [32minfo[39m: Server running on port 8000
2024-06-12T23:34:28.047Z [32minfo[39m: Server running on port 8000
2024-06-12T23:34:35.809Z [32minfo[39m: Book The Alchemist created by Tendwa
2024-06-12T23:34:35.862Z [32minfo[39m: Book created
2024-06-12T23:35:05.928Z [32minfo[39m: Server running on port 8000
2024-06-12T23:35:51.155Z [32minfo[39m: Server running on port 8000
2024-06-12T23:36:13.154Z [32minfo[39m: Server running on port 8000
2024-06-12T23:36:50.678Z [32minfo[39m: Server running on port 8000
2024-06-12T23:37:13.690Z [32minfo[39m: Server running on port 8000
2024-06-12T23:37:24.214Z [32minfo[39m: Server running on port 8000
2024-06-12T23:37:39.015Z [32minfo[39m: Server running on port 8000
2024-06-12T23:39:38.009Z [32minfo[39m: Server running on port 8000
2024-06-12T23:40:17.032Z [32minfo[39m: Server running on port 8000
2024-06-12T23:40:25.844Z [32minfo[39m: Book The Alchemist created by Tendwa
2024-06-12T23:41:40.656Z [32minfo[39m: Server running on port 8000
2024-06-12T23:41:47.652Z [32minfo[39m: Book The Alchemist created by Tendwa
2024-06-12T23:42:39.213Z [32minfo[39m: Server running on port 8000
2024-06-12T23:42:49.045Z [32minfo[39m: Book The Alchemist created by Tendwa
2024-06-12T23:43:54.777Z [32minfo[39m: Server running on port 8000
2024-06-12T23:44:01.600Z [32minfo[39m: Book The Alchemist created by Tendwa
2024-06-12T23:44:01.936Z [31merror[39m: column "bookISBN" does not exist
2024-06-12T23:44:37.732Z [32minfo[39m: Server running on port 8000
2024-06-12T23:44:44.602Z [32minfo[39m: Book The Alchemist created by Tendwa
2024-06-12T23:45:41.095Z [32minfo[39m: Server running on port 8000
2024-06-12T23:45:49.257Z [32minfo[39m: Book The Alchemist created by Tendwa
2024-06-12T23:45:49.508Z [32minfo[39m: Loan with Member ID MB668 and Book ISBN 9780062315007 deleted by Tendwa
2024-06-12T23:46:07.068Z [32minfo[39m: Book The Alchemist created by Tendwa
2024-06-12T23:46:24.400Z [32minfo[39m: Book The Alchemist created by Tendwa
2024-06-12T23:46:36.633Z [32minfo[39m: Book The Alchemist created by Tendwa
2024-06-12T23:46:48.207Z [32minfo[39m: Book The Alchemist created by Tendwa
2024-06-12T23:46:48.511Z [32minfo[39m: Loan with Member ID MB679 and Book ISBN 9780062315007 deleted by Tendwa
2024-06-12T23:46:59.991Z [32minfo[39m: Book The MAtchchemist created by Tendwa
2024-06-12T23:47:00.126Z [32minfo[39m: Book The PEchemist created by Tendwa
2024-06-12T23:47:00.523Z [32minfo[39m: Loan with Member ID MB874 and Book ISBN 9780062315080 deleted by Tendwa
2024-06-12T23:47:00.579Z [32minfo[39m: Loan with Member ID MB874 and Book ISBN 9780062315090 deleted by Tendwa
2024-06-12T23:47:12.664Z [32minfo[39m: Book The Alchemist created by Tendwa
2024-06-12T23:47:23.709Z [32minfo[39m: Book The Alchemist created by Tendwa
2024-06-12T23:47:23.954Z [32minfo[39m: Loan with Member ID MB645 and Book ISBN 9780062315007 deleted by Tendwa
2024-06-12T23:49:35.558Z [32minfo[39m: Server running on port 8000
2024-06-12T23:50:26.146Z [32minfo[39m: Server running on port 8000
2024-06-12T23:50:54.433Z [32minfo[39m: Server running on port 8000
2024-06-12T23:52:09.512Z [32minfo[39m: Server running on port 8000
2024-06-12T23:52:32.496Z [32minfo[39m: Server running on port 8000
2024-06-12T23:54:28.753Z [32minfo[39m: Server running on port 8000
2024-06-12T23:54:38.041Z [31merror[39m: Unauthorized access request by JackieChan
2024-06-12T23:57:21.367Z [32minfo[39m: Server running on port 8000
2024-06-12T23:59:02.647Z [32minfo[39m: Server running on port 8000
2024-06-12T23:59:21.779Z [32minfo[39m: Server running on port 8000
2024-06-12T23:59:28.272Z [32minfo[39m: User JackieChan created
2024-06-12T23:59:48.091Z [32minfo[39m: Server running on port 8000
2024-06-12T23:59:55.933Z [32minfo[39m: User JackieChan created
2024-06-13T00:00:25.006Z [32minfo[39m: Server running on port 8000
2024-06-13T00:00:45.127Z [32minfo[39m: Server running on port 8000
2024-06-13T00:01:38.300Z [32minfo[39m: Server running on port 8000
2024-06-13T00:03:36.008Z [32minfo[39m: Server running on port 8000
2024-06-13T00:03:44.628Z [32minfo[39m: User Tendwa updated
2024-06-13T00:04:25.795Z [32minfo[39m: Server running on port 8000
2024-06-13T00:04:33.591Z [32minfo[39m: User Tendwa deleted
