2024-06-12T13:36:47.302Z [32minfo[39m: Server running on port 8000
2024-06-12T15:29:18.489Z [32minfo[39m: Server running on port 8000
2024-06-12T15:30:42.585Z [32minfo[39m: User Tendwa logged in
2024-06-12T15:32:24.188Z [32minfo[39m: Server running on port 8000
2024-06-12T15:33:58.123Z [32minfo[39m: Server running on port 8000
2024-06-12T15:35:16.504Z [32minfo[39m: Server running on port 8000
2024-06-12T15:36:36.141Z [32minfo[39m: Server running on port 8000
2024-06-12T15:37:00.516Z [32minfo[39m: Server running on port 8000
2024-06-12T15:37:12.900Z [32minfo[39m: Server running on port 8000
2024-06-12T15:38:21.157Z [32minfo[39m: Server running on port 8000
2024-06-12T15:38:49.267Z [32minfo[39m: Server running on port 8000
2024-06-12T15:39:26.261Z [32minfo[39m: Server running on port 8000
2024-06-12T15:39:41.611Z [32minfo[39m: Server running on port 8000
2024-06-12T15:40:19.017Z [32minfo[39m: Server running on port 8000
2024-06-12T15:40:25.457Z [32minfo[39m: Server running on port 8000
2024-06-12T15:41:10.731Z [32minfo[39m: Server running on port 8000
2024-06-12T15:41:45.165Z [32minfo[39m: Server running on port 8000
2024-06-12T15:41:55.158Z [32minfo[39m: Server running on port 8000
2024-06-12T15:43:22.766Z [32minfo[39m: Server running on port 8000
2024-06-12T15:44:57.352Z [32minfo[39m: Server running on port 8000
2024-06-12T15:46:00.561Z [32minfo[39m: Server running on port 8000
2024-06-12T15:46:44.614Z [32minfo[39m: Server running on port 8000
2024-06-12T15:48:14.951Z [32minfo[39m: Server running on port 8000
2024-06-12T15:48:25.956Z [32minfo[39m: Server running on port 8000
2024-06-12T15:53:12.674Z [32minfo[39m: Server running on port 8000
2024-06-12T15:53:15.706Z [32minfo[39m: Book The DEChemist created by Tendwa
2024-06-12T15:53:40.540Z [32minfo[39m: Book The ALChemist created by Tendwa
2024-06-12T15:53:48.199Z [32minfo[39m: Book The Chemist created by Tendwa
2024-06-12T15:54:41.215Z [32minfo[39m: Book The PeChemist created by Tendwa
2024-06-12T15:56:36.542Z [32minfo[39m: Server running on port 8000
2024-06-12T15:57:11.197Z [32minfo[39m: Server running on port 8000
2024-06-12T16:00:20.257Z [32minfo[39m: Server running on port 8000
2024-06-12T16:02:42.354Z [32minfo[39m: Server running on port 8000
2024-06-12T16:03:56.341Z [32minfo[39m: Server running on port 8000
2024-06-12T16:05:04.705Z [32minfo[39m: Server running on port 8000
2024-06-12T16:05:30.314Z [32minfo[39m: Server running on port 8000
2024-06-12T16:06:03.943Z [32minfo[39m: Server running on port 8000
2024-06-12T16:06:52.531Z [32minfo[39m: Server running on port 8000
2024-06-12T16:07:31.234Z [32minfo[39m: Server running on port 8000
2024-06-12T16:08:27.178Z [32minfo[39m: Server running on port 8000
2024-06-12T16:08:53.262Z [32minfo[39m: Server running on port 8000
2024-06-12T16:10:57.116Z [32minfo[39m: Server running on port 8000
2024-06-12T16:12:00.051Z [32minfo[39m: Server running on port 8000
2024-06-12T16:12:26.349Z [32minfo[39m: Server running on port 8000
2024-06-12T16:14:39.216Z [32minfo[39m: Server running on port 8000
2024-06-12T16:15:30.804Z [32minfo[39m: Server running on port 8000
2024-06-12T16:15:58.004Z [32minfo[39m: Server running on port 8000
2024-06-12T16:16:28.662Z [32minfo[39m: Server running on port 8000
2024-06-12T16:18:13.791Z [32minfo[39m: Server running on port 8000
2024-06-12T16:19:45.409Z [32minfo[39m: Server running on port 8000
2024-06-12T16:20:45.230Z [32minfo[39m: Server running on port 8000
2024-06-12T16:21:38.756Z [32minfo[39m: Server running on port 8000
2024-06-12T16:22:02.447Z [32minfo[39m: Server running on port 8000
2024-06-12T16:24:10.259Z [32minfo[39m: Server running on port 8000
2024-06-12T16:24:25.285Z [32minfo[39m: Server running on port 8000
2024-06-12T16:25:41.599Z [32minfo[39m: Server running on port 8000
2024-06-12T16:31:36.515Z [32minfo[39m: Server running on port 8000
2024-06-12T21:10:50.256Z [32minfo[39m: Server running on port 8000
2024-06-12T21:13:06.564Z [32minfo[39m: Server running on port 8000
2024-06-12T21:15:28.707Z [32minfo[39m: Server running on port 8000
2024-06-12T21:18:34.504Z [32minfo[39m: Server running on port 8000
2024-06-12T21:19:10.238Z [32minfo[39m: Server running on port 8000
2024-06-12T21:20:16.041Z [32minfo[39m: Server running on port 8000
2024-06-12T21:20:30.650Z [32minfo[39m: Book The Alchemist created by Tendwa
2024-06-12T21:21:33.286Z [32minfo[39m: Server running on port 8000
2024-06-12T21:21:38.609Z [32minfo[39m: Book The Alchemist created by Tendwa
2024-06-12T21:21:38.640Z [32minfo[39m: Book created
2024-06-12T21:22:00.366Z [32minfo[39m: Server running on port 8000
2024-06-12T21:22:30.262Z [32minfo[39m: Server running on port 8000
2024-06-12T21:22:34.725Z [32minfo[39m: Book The Alchemist created by Tendwa
2024-06-12T21:22:50.343Z [32minfo[39m: Server running on port 8000
2024-06-12T21:24:00.596Z [32minfo[39m: Server running on port 8000
2024-06-12T21:24:44.341Z [32minfo[39m: Server running on port 8000
2024-06-12T21:25:44.370Z [32minfo[39m: Server running on port 8000
2024-06-12T21:26:33.201Z [32minfo[39m: Server running on port 8000
2024-06-12T21:26:53.262Z [32minfo[39m: Server running on port 8000
2024-06-12T21:27:21.727Z [32minfo[39m: Server running on port 8000
2024-06-12T21:27:42.869Z [32minfo[39m: Server running on port 8000
2024-06-12T21:28:05.049Z [32minfo[39m: Server running on port 8000
2024-06-12T21:28:27.763Z [32minfo[39m: Server running on port 8000
2024-06-12T21:28:40.635Z [32minfo[39m: Server running on port 8000
2024-06-12T21:29:07.853Z [32minfo[39m: Server running on port 8000
2024-06-12T21:29:19.019Z [32minfo[39m: Server running on port 8000
2024-06-12T21:29:42.139Z [32minfo[39m: Server running on port 8000
2024-06-12T21:31:58.221Z [32minfo[39m: Server running on port 8000
2024-06-12T21:32:35.241Z [32minfo[39m: Server running on port 8000
2024-06-12T21:33:06.687Z [32minfo[39m: Server running on port 8000
2024-06-12T21:34:28.250Z [32minfo[39m: Server running on port 8000
2024-06-12T21:34:41.880Z [32minfo[39m: Server running on port 8000
2024-06-12T21:35:00.128Z [32minfo[39m: Server running on port 8000
2024-06-12T21:35:38.589Z [32minfo[39m: Server running on port 8000
2024-06-12T21:35:56.832Z [32minfo[39m: Server running on port 8000
2024-06-12T21:36:33.018Z [32minfo[39m: Server running on port 8000
2024-06-12T21:37:12.803Z [32minfo[39m: Server running on port 8000
2024-06-12T21:37:44.238Z [32minfo[39m: Server running on port 8000
2024-06-12T21:37:55.830Z [32minfo[39m: Server running on port 8000
2024-06-12T21:38:31.966Z [32minfo[39m: Server running on port 8000
2024-06-12T21:38:42.506Z [32minfo[39m: Server running on port 8000
2024-06-12T21:39:47.961Z [32minfo[39m: Server running on port 8000
2024-06-12T21:40:42.891Z [32minfo[39m: Server running on port 8000
2024-06-12T21:40:58.253Z [32minfo[39m: Server running on port 8000
2024-06-12T21:41:17.479Z [32minfo[39m: Book The Alchemist created by Tendwa
2024-06-12T21:41:17.511Z [32minfo[39m: Book created
2024-06-12T21:42:04.739Z [32minfo[39m: Server running on port 8000
2024-06-12T21:42:37.362Z [32minfo[39m: Book The Alchemist created by Tendwa
2024-06-12T21:42:37.399Z [32minfo[39m: Book created
2024-06-12T21:44:44.376Z [32minfo[39m: Server running on port 8000
2024-06-12T21:45:19.656Z [32minfo[39m: Server running on port 8000
2024-06-12T21:45:44.264Z [32minfo[39m: Server running on port 8000
2024-06-12T21:46:04.193Z [32minfo[39m: Server running on port 8000
2024-06-12T21:46:17.449Z [32minfo[39m: Server running on port 8000
2024-06-12T21:48:06.078Z [32minfo[39m: Server running on port 8000
2024-06-12T21:48:42.626Z [32minfo[39m: Server running on port 8000
2024-06-12T21:49:17.728Z [32minfo[39m: Server running on port 8000
2024-06-12T21:51:58.504Z [32minfo[39m: Server running on port 8000
2024-06-12T21:52:33.218Z [32minfo[39m: Server running on port 8000
2024-06-12T21:53:08.082Z [32minfo[39m: Server running on port 8000
2024-06-12T21:56:03.871Z [32minfo[39m: Server running on port 8000
2024-06-12T21:56:26.233Z [32minfo[39m: Server running on port 8000
2024-06-12T21:57:05.883Z [32minfo[39m: Server running on port 8000
2024-06-12T21:57:33.867Z [32minfo[39m: Server running on port 8000
2024-06-12T21:57:45.540Z [32minfo[39m: Server running on port 8000
2024-06-12T21:59:06.400Z [32minfo[39m: Server running on port 8000
2024-06-12T22:00:17.773Z [32minfo[39m: Server running on port 8000
2024-06-12T22:00:55.336Z [32minfo[39m: Server running on port 8000
2024-06-12T22:01:30.011Z [32minfo[39m: Server running on port 8000
2024-06-12T22:03:07.240Z [32minfo[39m: Server running on port 8000
2024-06-12T22:03:26.630Z [32minfo[39m: Server running on port 8000
2024-06-12T22:03:51.040Z [32minfo[39m: Server running on port 8000
2024-06-12T22:05:12.717Z [32minfo[39m: Server running on port 8000
2024-06-12T22:05:51.012Z [32minfo[39m: Server running on port 8000
2024-06-12T22:06:12.128Z [32minfo[39m: Server running on port 8000
2024-06-12T22:09:05.672Z [32minfo[39m: Server running on port 8000
2024-06-12T22:10:30.937Z [32minfo[39m: Server running on port 8000
2024-06-12T22:11:35.584Z [32minfo[39m: Server running on port 8000
2024-06-12T22:11:51.887Z [32minfo[39m: Server running on port 8000
2024-06-12T22:13:21.649Z [32minfo[39m: Server running on port 8000
2024-06-12T22:13:30.655Z [32minfo[39m: Server running on port 8000
2024-06-12T22:13:47.498Z [32minfo[39m: Server running on port 8000
2024-06-12T22:14:06.491Z [32minfo[39m: Server running on port 8000
2024-06-12T22:14:20.805Z [32minfo[39m: Server running on port 8000
2024-06-12T22:14:42.134Z [32minfo[39m: Server running on port 8000
2024-06-12T22:15:44.963Z [32minfo[39m: Server running on port 8000
2024-06-12T22:15:57.966Z [32minfo[39m: Server running on port 8000
2024-06-12T22:16:18.504Z [32minfo[39m: Server running on port 8000
2024-06-12T22:17:23.578Z [32minfo[39m: Server running on port 8000
2024-06-12T22:18:45.269Z [32minfo[39m: Server running on port 8000
2024-06-12T22:18:49.500Z [32minfo[39m: Author with ID AU035 deleted by Tendwa
2024-06-12T22:19:11.463Z [32minfo[39m: Server running on port 8000
2024-06-12T22:19:19.178Z [31merror[39m: Author not found
2024-06-12T22:20:46.607Z [32minfo[39m: Server running on port 8000
2024-06-12T22:21:04.375Z [32minfo[39m: Server running on port 8000
2024-06-12T22:21:33.861Z [32minfo[39m: Server running on port 8000
2024-06-12T22:21:39.958Z [32minfo[39m: Author with ID AU035 deleted by Tendwa
2024-06-12T22:22:17.657Z [32minfo[39m: Server running on port 8000
2024-06-12T22:22:35.530Z [32minfo[39m: Server running on port 8000
2024-06-12T22:22:54.667Z [32minfo[39m: Server running on port 8000
2024-06-12T22:23:12.948Z [32minfo[39m: Server running on port 8000
2024-06-12T22:24:25.385Z [32minfo[39m: Server running on port 8000
2024-06-12T22:25:57.818Z [32minfo[39m: Server running on port 8000
2024-06-12T22:26:13.661Z [32minfo[39m: Server running on port 8000
2024-06-12T22:26:16.158Z [32minfo[39m: Server running on port 8000
2024-06-12T22:27:59.423Z [32minfo[39m: Server running on port 8000
2024-06-12T22:29:09.496Z [32minfo[39m: Server running on port 8000
2024-06-12T22:29:28.798Z [32minfo[39m: Server running on port 8000
2024-06-12T22:30:52.470Z [32minfo[39m: Server running on port 8000
2024-06-12T22:32:23.250Z [32minfo[39m: Server running on port 8000
2024-06-12T22:33:41.712Z [32minfo[39m: Server running on port 8000
2024-06-12T22:34:20.720Z [32minfo[39m: Server running on port 8000
2024-06-12T22:35:35.831Z [32minfo[39m: Server running on port 8000
2024-06-12T22:37:18.053Z [32minfo[39m: Server running on port 8000
2024-06-12T22:37:49.445Z [32minfo[39m: Server running on port 8000
2024-06-12T22:38:07.781Z [32minfo[39m: Server running on port 8000
2024-06-12T22:38:31.843Z [32minfo[39m: Server running on port 8000
2024-06-12T22:40:22.061Z [32minfo[39m: Server running on port 8000
2024-06-12T22:44:19.273Z [32minfo[39m: Server running on port 8000
2024-06-12T22:44:50.879Z [32minfo[39m: Server running on port 8000
2024-06-12T22:45:38.129Z [32minfo[39m: Server running on port 8000
2024-06-12T22:45:41.956Z [32minfo[39m: Book The Alchemist created by Tendwa
2024-06-12T22:45:42.006Z [31merror[39m: address is not defined
2024-06-12T22:46:52.825Z [32minfo[39m: Server running on port 8000
2024-06-12T22:46:56.827Z [32minfo[39m: Book The Alchemist created by Tendwa
2024-06-12T22:49:56.624Z [32minfo[39m: Server running on port 8000
2024-06-12T22:50:03.476Z [32minfo[39m: Book The Alchemist created by Tendwa
2024-06-12T22:51:35.543Z [32minfo[39m: Server running on port 8000
2024-06-12T22:51:41.537Z [32minfo[39m: Book The Alchemist created by Tendwa
2024-06-12T22:52:02.723Z [32minfo[39m: Server running on port 8000
2024-06-12T22:52:06.969Z [32minfo[39m: Book The Alchemist created by Tendwa
2024-06-12T22:52:36.154Z [32minfo[39m: Server running on port 8000
2024-06-12T22:52:43.390Z [32minfo[39m: Book The Alchemist created by Tendwa
2024-06-12T22:52:43.522Z [31merror[39m: column Book.ISBN does not exist
2024-06-12T22:53:25.860Z [32minfo[39m: Server running on port 8000
2024-06-12T22:53:46.868Z [32minfo[39m: Book The Alchemist created by Tendwa
2024-06-12T22:53:47.024Z [31merror[39m: column Book.ISBN does not exist
2024-06-12T22:55:22.302Z [32minfo[39m: Server running on port 8000
2024-06-12T22:55:31.005Z [32minfo[39m: Book The Alchemist created by Tendwa
2024-06-12T22:55:31.139Z [31merror[39m: column Loan.bookISBN does not exist
2024-06-12T22:56:03.583Z [32minfo[39m: Server running on port 8000
2024-06-12T22:56:08.619Z [32minfo[39m: Book The Alchemist created by Tendwa
2024-06-12T22:57:23.136Z [32minfo[39m: Server running on port 8000
2024-06-12T22:57:28.393Z [32minfo[39m: Book The Alchemist created by Tendwa
2024-06-12T22:57:45.991Z [32minfo[39m: Server running on port 8000
2024-06-12T22:57:49.977Z [32minfo[39m: Book The Alchemist created by Tendwa
2024-06-12T22:58:03.918Z [32minfo[39m: Server running on port 8000
2024-06-12T22:58:09.613Z [32minfo[39m: Book The Alchemist created by Tendwa
2024-06-12T22:58:42.662Z [32minfo[39m: Server running on port 8000
2024-06-12T22:58:47.635Z [32minfo[39m: Book The Alchemist created by Tendwa
2024-06-12T22:59:18.428Z [32minfo[39m: Server running on port 8000
2024-06-12T22:59:38.496Z [32minfo[39m: Server running on port 8000
2024-06-12T23:00:49.352Z [32minfo[39m: Server running on port 8000
2024-06-12T23:00:53.348Z [32minfo[39m: Book The Alchemist created by Tendwa
2024-06-12T23:02:11.005Z [32minfo[39m: Server running on port 8000
2024-06-12T23:02:15.536Z [32minfo[39m: Book The Alchemist created by Tendwa
2024-06-12T23:02:22.946Z [32minfo[39m: Server running on port 8000
2024-06-12T23:02:27.303Z [32minfo[39m: Book The Alchemist created by Tendwa
2024-06-12T23:02:47.230Z [32minfo[39m: Server running on port 8000
2024-06-12T23:02:51.765Z [32minfo[39m: Book The Alchemist created by Tendwa
2024-06-12T23:03:25.953Z [32minfo[39m: Server running on port 8000
2024-06-12T23:05:02.569Z [32minfo[39m: Server running on port 8000
2024-06-12T23:05:12.314Z [32minfo[39m: Server running on port 8000
2024-06-12T23:05:31.729Z [32minfo[39m: Server running on port 8000
2024-06-12T23:06:11.426Z [32minfo[39m: Server running on port 8000
2024-06-12T23:06:56.410Z [32minfo[39m: Server running on port 8000
2024-06-12T23:07:50.507Z [32minfo[39m: Book The Alchemist created by Tendwa
2024-06-12T23:07:50.677Z [31merror[39m: column Loan.bookISBN does not exist
2024-06-12T23:08:40.691Z [32minfo[39m: Server running on port 8000
2024-06-12T23:08:43.380Z [32minfo[39m: Server running on port 8000
2024-06-12T23:09:12.251Z [32minfo[39m: Server running on port 8000
2024-06-12T23:09:39.852Z [32minfo[39m: Server running on port 8000
2024-06-12T23:09:44.256Z [32minfo[39m: Book The Alchemist created by Tendwa
2024-06-12T23:09:44.474Z [31merror[39m: column Loan.bookISBN does not exist
2024-06-12T23:10:26.187Z [32minfo[39m: Server running on port 8000
2024-06-12T23:10:30.350Z [32minfo[39m: Book The Alchemist created by Tendwa
2024-06-12T23:10:30.517Z [32minfo[39m: Loan with Member ID MB682 and Book ISBN 9780062315007 deleted by Tendwa
2024-06-12T23:14:39.900Z [32minfo[39m: Server running on port 8000
2024-06-12T23:15:24.058Z [32minfo[39m: Server running on port 8000
2024-06-12T23:16:32.175Z [32minfo[39m: Server running on port 8000
2024-06-12T23:16:36.008Z [32minfo[39m: Book The Alchemist created by Tendwa
2024-06-12T23:16:56.948Z [32minfo[39m: Server running on port 8000
2024-06-12T23:17:01.253Z [32minfo[39m: Book The Alchemist created by Tendwa
2024-06-12T23:18:17.526Z [32minfo[39m: Server running on port 8000
2024-06-12T23:18:44.981Z [32minfo[39m: Server running on port 8000
2024-06-12T23:19:14.473Z [32minfo[39m: Server running on port 8000
2024-06-12T23:20:35.869Z [32minfo[39m: Server running on port 8000
2024-06-12T23:20:39.670Z [32minfo[39m: Book The MAtchchemist created by Tendwa
2024-06-12T23:21:03.525Z [32minfo[39m: Server running on port 8000
2024-06-12T23:21:09.749Z [32minfo[39m: Book The MAtchchemist created by Tendwa
2024-06-12T23:21:09.818Z [32minfo[39m: Book The PEchemist created by Tendwa
2024-06-12T23:23:35.515Z [32minfo[39m: Book The MAtchchemist created by Tendwa
2024-06-12T23:23:35.691Z [32minfo[39m: Book The PEchemist created by Tendwa
2024-06-12T23:23:42.543Z [32minfo[39m: Server running on port 8000
2024-06-12T23:23:54.835Z [32minfo[39m: Book The MAtchchemist created by Tendwa
2024-06-12T23:23:54.959Z [32minfo[39m: Book The PEchemist created by Tendwa
2024-06-12T23:26:30.181Z [32minfo[39m: Server running on port 8000
2024-06-12T23:26:38.138Z [32minfo[39m: Book The MAtchchemist created by Tendwa
2024-06-12T23:26:38.268Z [32minfo[39m: Book The PEchemist created by Tendwa
2024-06-12T23:27:35.662Z [32minfo[39m: Server running on port 8000
2024-06-12T23:27:42.660Z [32minfo[39m: Book The MAtchchemist created by Tendwa
2024-06-12T23:27:42.788Z [32minfo[39m: Book The PEchemist created by Tendwa
2024-06-12T23:28:04.458Z [32minfo[39m: Server running on port 8000
2024-06-12T23:28:12.527Z [32minfo[39m: Book The MAtchchemist created by Tendwa
2024-06-12T23:28:12.665Z [32minfo[39m: Book The PEchemist created by Tendwa
2024-06-12T23:28:52.457Z [32minfo[39m: Server running on port 8000
2024-06-12T23:28:59.333Z [32minfo[39m: Book The MAtchchemist created by Tendwa
2024-06-12T23:28:59.438Z [32minfo[39m: Book The PEchemist created by Tendwa
2024-06-12T23:30:35.007Z [32minfo[39m: Server running on port 8000
2024-06-12T23:30:41.987Z [32minfo[39m: Book The MAtchchemist created by Tendwa
2024-06-12T23:30:42.106Z [32minfo[39m: Book The PEchemist created by Tendwa
2024-06-12T23:30:42.436Z [32minfo[39m: Loan with Member ID MB9 and Book ISBN 9780062315080 deleted by Tendwa
2024-06-12T23:30:42.494Z [32minfo[39m: Loan with Member ID MB9 and Book ISBN 9780062315090 deleted by Tendwa
2024-06-12T23:32:27.190Z [32minfo[39m: Server running on port 8000
2024-06-12T23:33:13.696Z [32minfo[39m: Server running on port 8000
2024-06-12T23:34:28.047Z [32minfo[39m: Server running on port 8000
2024-06-12T23:34:35.809Z [32minfo[39m: Book The Alchemist created by Tendwa
2024-06-12T23:34:35.862Z [32minfo[39m: Book created
2024-06-12T23:35:05.928Z [32minfo[39m: Server running on port 8000
2024-06-12T23:35:51.155Z [32minfo[39m: Server running on port 8000
2024-06-12T23:36:13.154Z [32minfo[39m: Server running on port 8000
2024-06-12T23:36:50.678Z [32minfo[39m: Server running on port 8000
2024-06-12T23:37:13.690Z [32minfo[39m: Server running on port 8000
2024-06-12T23:37:24.214Z [32minfo[39m: Server running on port 8000
2024-06-12T23:37:39.015Z [32minfo[39m: Server running on port 8000
2024-06-12T23:39:38.009Z [32minfo[39m: Server running on port 8000
2024-06-12T23:40:17.032Z [32minfo[39m: Server running on port 8000
2024-06-12T23:40:25.844Z [32minfo[39m: Book The Alchemist created by Tendwa
2024-06-12T23:41:40.656Z [32minfo[39m: Server running on port 8000
2024-06-12T23:41:47.652Z [32minfo[39m: Book The Alchemist created by Tendwa
2024-06-12T23:42:39.213Z [32minfo[39m: Server running on port 8000
2024-06-12T23:42:49.045Z [32minfo[39m: Book The Alchemist created by Tendwa
2024-06-12T23:43:54.777Z [32minfo[39m: Server running on port 8000
2024-06-12T23:44:01.600Z [32minfo[39m: Book The Alchemist created by Tendwa
2024-06-12T23:44:01.936Z [31merror[39m: column "bookISBN" does not exist
2024-06-12T23:44:37.732Z [32minfo[39m: Server running on port 8000
2024-06-12T23:44:44.602Z [32minfo[39m: Book The Alchemist created by Tendwa
2024-06-12T23:45:41.095Z [32minfo[39m: Server running on port 8000
2024-06-12T23:45:49.257Z [32minfo[39m: Book The Alchemist created by Tendwa
2024-06-12T23:45:49.508Z [32minfo[39m: Loan with Member ID MB668 and Book ISBN 9780062315007 deleted by Tendwa
2024-06-12T23:46:07.068Z [32minfo[39m: Book The Alchemist created by Tendwa
2024-06-12T23:46:24.400Z [32minfo[39m: Book The Alchemist created by Tendwa
2024-06-12T23:46:36.633Z [32minfo[39m: Book The Alchemist created by Tendwa
2024-06-12T23:46:48.207Z [32minfo[39m: Book The Alchemist created by Tendwa
2024-06-12T23:46:48.511Z [32minfo[39m: Loan with Member ID MB679 and Book ISBN 9780062315007 deleted by Tendwa
2024-06-12T23:46:59.991Z [32minfo[39m: Book The MAtchchemist created by Tendwa
2024-06-12T23:47:00.126Z [32minfo[39m: Book The PEchemist created by Tendwa
2024-06-12T23:47:00.523Z [32minfo[39m: Loan with Member ID MB874 and Book ISBN 9780062315080 deleted by Tendwa
2024-06-12T23:47:00.579Z [32minfo[39m: Loan with Member ID MB874 and Book ISBN 9780062315090 deleted by Tendwa
2024-06-12T23:47:12.664Z [32minfo[39m: Book The Alchemist created by Tendwa
2024-06-12T23:47:23.709Z [32minfo[39m: Book The Alchemist created by Tendwa
2024-06-12T23:47:23.954Z [32minfo[39m: Loan with Member ID MB645 and Book ISBN 9780062315007 deleted by Tendwa
2024-06-12T23:49:35.558Z [32minfo[39m: Server running on port 8000
2024-06-12T23:50:26.146Z [32minfo[39m: Server running on port 8000
2024-06-12T23:50:54.433Z [32minfo[39m: Server running on port 8000
2024-06-12T23:52:09.512Z [32minfo[39m: Server running on port 8000
2024-06-12T23:52:32.496Z [32minfo[39m: Server running on port 8000
2024-06-12T23:54:28.753Z [32minfo[39m: Server running on port 8000
2024-06-12T23:54:38.041Z [31merror[39m: Unauthorized access request by JackieChan
2024-06-12T23:57:21.367Z [32minfo[39m: Server running on port 8000
2024-06-12T23:59:02.647Z [32minfo[39m: Server running on port 8000
2024-06-12T23:59:21.779Z [32minfo[39m: Server running on port 8000
2024-06-12T23:59:28.272Z [32minfo[39m: User JackieChan created
2024-06-12T23:59:48.091Z [32minfo[39m: Server running on port 8000
2024-06-12T23:59:55.933Z [32minfo[39m: User JackieChan created
2024-06-13T00:00:25.006Z [32minfo[39m: Server running on port 8000
2024-06-13T00:00:45.127Z [32minfo[39m: Server running on port 8000
2024-06-13T00:01:38.300Z [32minfo[39m: Server running on port 8000
2024-06-13T00:03:36.008Z [32minfo[39m: Server running on port 8000
2024-06-13T00:03:44.628Z [32minfo[39m: User Tendwa updated
2024-06-13T00:04:25.795Z [32minfo[39m: Server running on port 8000
2024-06-13T00:04:33.591Z [32minfo[39m: User Tendwa deleted
2024-06-13T00:09:15.416Z [31merror[39m: Unauthorized access request by JackieChan
2024-06-13T00:09:17.969Z [32minfo[39m: Book The Alchemist created by Tendwa
2024-06-13T00:09:24.004Z [32minfo[39m: Book The Alchemist created by Tendwa
2024-06-13T00:09:24.031Z [32minfo[39m: Book created
2024-06-13T00:09:28.773Z [32minfo[39m: Author with ID AU035 deleted by Tendwa
2024-06-13T00:09:40.528Z [31merror[39m: Unauthorized access request by JackieChan
2024-06-13T00:09:42.442Z [32minfo[39m: Book The Alchemist created by Tendwa
2024-06-13T00:09:42.490Z [32minfo[39m: Book created
2024-06-13T00:09:46.383Z [32minfo[39m: Author with ID AU035 deleted by Tendwa
2024-06-13T00:09:48.517Z [32minfo[39m: Book The Alchemist created by Tendwa
2024-06-13T00:09:54.632Z [31merror[39m: Unauthorized access request by JackieChan
2024-06-13T00:09:57.053Z [32minfo[39m: Author with ID AU035 deleted by Tendwa
2024-06-13T00:09:58.521Z [32minfo[39m: Book The Alchemist created by Tendwa
2024-06-13T00:09:58.538Z [32minfo[39m: Book created
2024-06-13T00:10:01.931Z [32minfo[39m: Book The Alchemist created by Tendwa
2024-06-13T00:10:07.755Z [31merror[39m: Unauthorized access request by JackieChan
2024-06-13T00:10:09.290Z [32minfo[39m: Book The Alchemist created by Tendwa
2024-06-13T00:10:09.315Z [32minfo[39m: Book created
2024-06-13T00:10:11.517Z [32minfo[39m: Book The Alchemist created by Tendwa
2024-06-13T00:10:13.968Z [32minfo[39m: Author with ID AU035 deleted by Tendwa
2024-06-13T00:12:19.320Z [32minfo[39m: Book The Alchemist created by Tendwa
2024-06-13T00:12:19.880Z [32minfo[39m: Book The Alchemist created by Tendwa
2024-06-13T00:12:19.913Z [32minfo[39m: Book created
2024-06-13T00:12:24.396Z [31merror[39m: Unauthorized access request by JackieChan
2024-06-13T00:12:27.315Z [32minfo[39m: Author with ID AU035 deleted by Tendwa
2024-06-13T00:12:29.837Z [32minfo[39m: Book The Alchemist created by Tendwa
2024-06-13T00:13:40.485Z [32minfo[39m: Book The Alchemist created by Tendwa
2024-06-13T00:13:45.098Z [32minfo[39m: Author with ID AU035 deleted by Tendwa
2024-06-13T00:13:47.794Z [31merror[39m: Unauthorized access request by JackieChan
2024-06-13T00:13:51.268Z [32minfo[39m: Book The Alchemist created by Tendwa
2024-06-13T00:13:51.854Z [32minfo[39m: Book The Alchemist created by Tendwa
2024-06-13T00:13:51.877Z [32minfo[39m: Book created
2024-06-13T00:17:17.003Z [32minfo[39m: Book The Alchemist created by Tendwa
2024-06-13T00:17:17.582Z [32minfo[39m: Book The Alchemist created by Tendwa
2024-06-13T00:17:17.606Z [32minfo[39m: Book created
2024-06-13T00:17:22.565Z [32minfo[39m: Book The Alchemist created by Tendwa
2024-06-13T00:17:27.294Z [32minfo[39m: Author with ID AU035 deleted by Tendwa
2024-06-13T00:17:30.265Z [31merror[39m: Unauthorized access request by JackieChan
2024-06-13T00:18:18.527Z [32minfo[39m: Book The Alchemist created by Tendwa
2024-06-13T00:18:19.098Z [32minfo[39m: Book The Alchemist created by Tendwa
2024-06-13T00:18:19.133Z [32minfo[39m: Book created
2024-06-13T00:18:25.213Z [32minfo[39m: Author with ID AU035 deleted by Tendwa
2024-06-13T00:18:28.135Z [32minfo[39m: Book The Alchemist created by Tendwa
2024-06-13T00:18:31.318Z [31merror[39m: Unauthorized access request by JackieChan
2024-06-13T00:19:07.709Z [32minfo[39m: Book The Alchemist created by Tendwa
2024-06-13T00:19:08.094Z [32minfo[39m: Book The Alchemist created by Tendwa
2024-06-13T00:19:08.115Z [32minfo[39m: Book created
2024-06-13T00:19:11.383Z [31merror[39m: ConnectionManager.getConnection was called after the connection manager was closed!
2024-06-13T00:19:13.549Z [32minfo[39m: Book The Alchemist created by Tendwa
2024-06-13T00:19:16.864Z [31merror[39m: Unauthorized access request by JackieChan
2024-06-13T00:22:10.031Z [32minfo[39m: Server running on port 8000
2024-06-13T00:23:32.433Z [32minfo[39m: Server running on port 8000
2024-06-13T00:23:35.627Z [32minfo[39m: Book The Alchemist created by Tendwa
2024-06-13T00:23:36.179Z [32minfo[39m: Book The Alchemist created by Tendwa
2024-06-13T00:23:36.222Z [32minfo[39m: Book created
2024-06-13T00:23:40.318Z [31merror[39m: Unauthorized access request by JackieChan
2024-06-13T00:25:22.614Z [32minfo[39m: Server running on port 8000
2024-06-13T00:26:48.573Z [32minfo[39m: Server running on port 8000
2024-06-13T00:27:51.969Z [32minfo[39m: Server running on port 8000
2024-06-13T00:29:05.514Z [32minfo[39m: Server running on port 8000
2024-06-13T00:29:51.209Z [32minfo[39m: Server running on port 8000
2024-06-13T00:30:26.474Z [32minfo[39m: Server running on port 8000
2024-06-13T00:34:03.259Z [32minfo[39m: Server running on port 8000
2024-06-13T00:34:35.106Z [32minfo[39m: Server running on port 8000
2024-06-13T00:35:05.964Z [32minfo[39m: User Tendwa created
2024-06-13T00:36:15.350Z [32minfo[39m: Server running on port 8000
2024-06-13T00:36:24.995Z [32minfo[39m: Server running on port 8000
2024-06-13T00:37:04.997Z [32minfo[39m: User Tendwa logged in
2024-06-13T00:37:32.612Z [32minfo[39m: User Ben10 created
2024-06-13T00:37:54.614Z [32minfo[39m: User Spiderman created
2024-06-13T00:38:50.182Z [31merror[39m: notNull Violation: Author.authorID cannot be null
2024-06-13T00:43:37.516Z [32minfo[39m: Server running on port 8000
2024-06-13T00:44:36.752Z [32minfo[39m: Server running on port 8000
2024-06-13T00:45:36.251Z [32minfo[39m: Server running on port 8000
2024-06-13T00:49:52.170Z [32minfo[39m: Book Johnny Bravo the Book created by Tendwa
2024-06-13T00:50:14.072Z [32minfo[39m: Book Johnny Bravo the Book Part 2 created by Tendwa
2024-06-13T00:51:01.277Z [32minfo[39m: Book Looney Tunes created by Tendwa
2024-06-13T00:51:12.305Z [32minfo[39m: Book Looney Tunes The Sequel created by Tendwa
2024-06-13T00:51:24.099Z [32minfo[39m: Book Looney Tunes The Sequel 2 created by Tendwa
2024-06-13T00:54:59.980Z [32minfo[39m: Server running on port 8000
2024-06-13T09:38:36.300Z [31merror[39m: Unauthorized access request by JackieChan
2024-06-13T09:38:38.799Z [32minfo[39m: Book The Alchemist created by Tendwa
2024-06-13T09:38:42.760Z [31merror[39m: ConnectionManager.getConnection was called after the connection manager was closed!
2024-06-13T09:38:46.150Z [32minfo[39m: Book The Alchemist created by Tendwa
2024-06-13T09:38:46.574Z [32minfo[39m: Book The Alchemist created by Tendwa
2024-06-13T09:38:46.602Z [32minfo[39m: Book created
2024-06-13T11:26:16.329Z [31merror[39m: Unauthorized access request by JackieChan
2024-06-13T11:26:18.401Z [32minfo[39m: Book The Alchemist created by Tendwa
2024-06-13T11:26:18.842Z [32minfo[39m: Book The Alchemist created by Tendwa
2024-06-13T11:26:18.863Z [32minfo[39m: Book created
2024-06-13T11:26:21.966Z [31merror[39m: ConnectionManager.getConnection was called after the connection manager was closed!
2024-06-13T11:26:23.680Z [32minfo[39m: Book The Alchemist created by Tendwa
2024-06-13T11:27:05.400Z [31merror[39m: Unauthorized access request by JackieChan
2024-06-13T11:27:09.566Z [32minfo[39m: Book The Alchemist created by Tendwa
2024-06-13T11:27:10.370Z [32minfo[39m: Book The Alchemist created by Tendwa
2024-06-13T11:27:10.397Z [32minfo[39m: Book created
2024-06-13T11:27:15.731Z [32minfo[39m: Book The Alchemist created by Tendwa
2024-06-13T11:27:19.898Z [31merror[39m: ConnectionManager.getConnection was called after the connection manager was closed!
2024-06-13T11:28:55.846Z [32minfo[39m: Author with ID AU035 deleted by Tendwa
2024-06-13T11:32:09.783Z [32minfo[39m: Book The Alchemist created by Tendwa
2024-06-13T11:32:20.257Z [32minfo[39m: Book The Alchemist created by Tendwa
2024-06-13T11:32:28.582Z [32minfo[39m: Book The Alchemist created by Tendwa
2024-06-13T11:32:56.277Z [32minfo[39m: Book The Alchemist created by Tendwa
2024-06-13T11:32:56.533Z [32minfo[39m: Loan with Member ID MB-920 and Book ISBN 9780062315007 deleted by Tendwa
2024-06-13T11:34:54.307Z [32minfo[39m: Book The MAtchchemist created by Tendwa
2024-06-13T11:34:54.388Z [32minfo[39m: Book The PEchemist created by Tendwa
2024-06-13T11:34:54.693Z [32minfo[39m: Loan with Member ID MB-818 and Book ISBN 9780062315080 deleted by Tendwa
2024-06-13T11:34:54.730Z [32minfo[39m: Loan with Member ID MB-818 and Book ISBN 9780062315090 deleted by Tendwa
2024-06-13T11:35:02.419Z [32minfo[39m: Book The Alchemist created by Tendwa
2024-06-13T11:35:10.175Z [32minfo[39m: Book The Alchemist created by Tendwa
2024-06-13T11:35:10.349Z [32minfo[39m: Loan with Member ID MB-646 and Book ISBN 9780062315007 deleted by Tendwa
2024-06-13T11:35:16.724Z [31merror[39m: Unauthorized access request by JackieChan
2024-06-13T11:35:26.032Z [32minfo[39m: User JackieChan created
2024-06-13T11:35:43.181Z [32minfo[39m: User Tendwa updated
2024-06-13T11:35:50.332Z [32minfo[39m: User Tendwa deleted
2024-06-13T11:44:29.682Z [32minfo[39m: Server running on port 8000
2024-06-13T11:57:00.695Z [32minfo[39m: Server running on port 8000
2024-06-13T11:57:02.447Z [31merror[39m: ConnectionManager.getConnection was called after the connection manager was closed!
2024-06-13T11:57:03.442Z [32minfo[39m: Book The Alchemist created by Tendwa
2024-06-13T11:57:05.387Z [31merror[39m: Unauthorized access request by JackieChan
2024-06-13T11:57:06.897Z [32minfo[39m: Book The Alchemist created by Tendwa
2024-06-13T11:57:07.177Z [32minfo[39m: Book The Alchemist created by Tendwa
2024-06-13T11:57:07.202Z [32minfo[39m: Book created
2024-06-13T11:57:10.445Z [32minfo[39m: Server running on port 8000
2024-06-13T11:57:12.126Z [31merror[39m: ConnectionManager.getConnection was called after the connection manager was closed!
2024-06-13T11:57:13.149Z [32minfo[39m: Book The Alchemist created by Tendwa
2024-06-13T11:57:13.347Z [32minfo[39m: Book The Alchemist created by Tendwa
2024-06-13T11:57:13.359Z [32minfo[39m: Book created
2024-06-13T11:57:14.878Z [31merror[39m: Unauthorized access request by JackieChan
2024-06-13T11:57:16.030Z [32minfo[39m: Book The Alchemist created by Tendwa
2024-06-13T11:58:35.408Z [32minfo[39m: Server running on port 8000
2024-06-13T11:58:37.132Z [31merror[39m: ConnectionManager.getConnection was called after the connection manager was closed!
2024-06-13T11:58:38.089Z [32minfo[39m: Book The Alchemist created by Tendwa
2024-06-13T11:58:38.256Z [32minfo[39m: Book The Alchemist created by Tendwa
2024-06-13T11:58:38.266Z [32minfo[39m: Book created
2024-06-13T11:58:39.668Z [32minfo[39m: Book The Alchemist created by Tendwa
2024-06-13T11:58:40.992Z [31merror[39m: Unauthorized access request by JackieChan
2024-06-13T11:58:51.603Z [32minfo[39m: Server running on port 8000
2024-06-13T11:58:52.791Z [31merror[39m: ConnectionManager.getConnection was called after the connection manager was closed!
2024-06-13T11:58:53.958Z [32minfo[39m: Book The Alchemist created by Tendwa
2024-06-13T11:58:54.171Z [32minfo[39m: Book The Alchemist created by Tendwa
2024-06-13T11:58:54.184Z [32minfo[39m: Book created
2024-06-13T11:58:56.110Z [31merror[39m: Unauthorized access request by JackieChan
2024-06-13T11:58:57.407Z [32minfo[39m: Book The Alchemist created by Tendwa
2024-06-13T11:59:20.130Z [32minfo[39m: Server running on port 8000
2024-06-13T11:59:21.432Z [31merror[39m: ConnectionManager.getConnection was called after the connection manager was closed!
2024-06-13T11:59:22.267Z [32minfo[39m: Book The Alchemist created by Tendwa
2024-06-13T11:59:22.427Z [32minfo[39m: Book The Alchemist created by Tendwa
2024-06-13T11:59:22.435Z [32minfo[39m: Book created
2024-06-13T11:59:24.194Z [31merror[39m: Unauthorized access request by JackieChan
2024-06-13T11:59:25.458Z [32minfo[39m: Book The Alchemist created by Tendwa
2024-06-13T11:59:36.231Z [31merror[39m: Member is not associated to Loan!
2024-06-13T12:03:59.815Z [32minfo[39m: Server running on port 8000
2024-06-13T12:04:01.257Z [31merror[39m: Unauthorized access request by JackieChan
2024-06-13T12:04:02.478Z [32minfo[39m: Book The Alchemist created by Tendwa
2024-06-13T12:04:02.701Z [32minfo[39m: Book The Alchemist created by Tendwa
2024-06-13T12:04:02.714Z [32minfo[39m: Book created
2024-06-13T12:04:04.160Z [31merror[39m: ConnectionManager.getConnection was called after the connection manager was closed!
2024-06-13T12:04:05.132Z [32minfo[39m: Book The Alchemist created by Tendwa
2024-06-13T12:07:09.377Z [32minfo[39m: Server running on port 8000
2024-06-13T12:07:10.707Z [31merror[39m: Unauthorized access request by JackieChan
2024-06-13T12:07:12.278Z [32minfo[39m: Book The Alchemist created by Tendwa
2024-06-13T12:07:12.786Z [32minfo[39m: Book The Alchemist created by Tendwa
2024-06-13T12:07:12.810Z [32minfo[39m: Book created
2024-06-13T12:07:14.853Z [31merror[39m: ConnectionManager.getConnection was called after the connection manager was closed!
2024-06-13T12:07:15.770Z [32minfo[39m: Book The Alchemist created by Tendwa
2024-06-13T12:07:25.450Z [32minfo[39m: Server running on port 8000
2024-06-13T12:07:26.988Z [32minfo[39m: Book The Alchemist created by Tendwa
2024-06-13T12:07:27.196Z [32minfo[39m: Book The Alchemist created by Tendwa
2024-06-13T12:07:27.210Z [32minfo[39m: Book created
2024-06-13T12:07:28.850Z [31merror[39m: Unauthorized access request by JackieChan
2024-06-13T12:07:30.194Z [31merror[39m: ConnectionManager.getConnection was called after the connection manager was closed!
2024-06-13T12:07:31.284Z [32minfo[39m: Book The Alchemist created by Tendwa
2024-06-13T12:09:14.859Z [32minfo[39m: Server running on port 8000
2024-06-13T12:09:16.244Z [32minfo[39m: Book The Alchemist created by Tendwa
2024-06-13T12:09:16.414Z [32minfo[39m: Book The Alchemist created by Tendwa
2024-06-13T12:09:16.422Z [32minfo[39m: Book created
2024-06-13T12:09:17.628Z [32minfo[39m: Book The Alchemist created by Tendwa
2024-06-13T12:09:18.678Z [31merror[39m: ConnectionManager.getConnection was called after the connection manager was closed!
2024-06-13T12:09:19.633Z [31merror[39m: Unauthorized access request by JackieChan
2024-06-13T12:09:40.951Z [32minfo[39m: Server running on port 8000
2024-06-13T12:09:42.326Z [32minfo[39m: Book The Alchemist created by Tendwa
2024-06-13T12:09:42.496Z [32minfo[39m: Book The Alchemist created by Tendwa
2024-06-13T12:09:42.504Z [32minfo[39m: Book created
2024-06-13T12:09:43.828Z [31merror[39m: Unauthorized access request by JackieChan
2024-06-13T12:09:45.031Z [32minfo[39m: Book The Alchemist created by Tendwa
2024-06-13T12:09:46.586Z [31merror[39m: ConnectionManager.getConnection was called after the connection manager was closed!
2024-06-13T12:10:23.582Z [32minfo[39m: Server running on port 8000
2024-06-13T12:10:24.836Z [32minfo[39m: Book The Alchemist created by Tendwa
2024-06-13T12:10:25.073Z [32minfo[39m: Book The Alchemist created by Tendwa
2024-06-13T12:10:25.085Z [32minfo[39m: Book created
2024-06-13T12:10:27.141Z [32minfo[39m: Book The Alchemist created by Tendwa
2024-06-13T12:10:27.856Z [32minfo[39m: Server running on port 8000
2024-06-13T12:10:28.864Z [31merror[39m: ConnectionManager.getConnection was called after the connection manager was closed!
2024-06-13T12:10:30.178Z [31merror[39m: Unauthorized access request by JackieChan
2024-06-13T12:10:33.151Z [32minfo[39m: Server running on port 8000
2024-06-13T12:10:34.474Z [32minfo[39m: Book The Alchemist created by Tendwa
2024-06-13T12:10:34.761Z [32minfo[39m: Book The Alchemist created by Tendwa
2024-06-13T12:10:34.776Z [32minfo[39m: Book created
2024-06-13T12:10:36.638Z [32minfo[39m: Book The Alchemist created by Tendwa
2024-06-13T12:10:37.889Z [32minfo[39m: Server running on port 8000
2024-06-13T12:10:38.633Z [31merror[39m: ConnectionManager.getConnection was called after the connection manager was closed!
2024-06-13T12:10:40.044Z [31merror[39m: Unauthorized access request by JackieChan
2024-06-13T12:10:40.074Z [32minfo[39m: Server running on port 8000
2024-06-13T12:10:52.250Z [32minfo[39m: Server running on port 8000
2024-06-13T12:10:53.026Z [32minfo[39m: Book The Alchemist created by Tendwa
2024-06-13T12:10:53.224Z [32minfo[39m: Book The Alchemist created by Tendwa
2024-06-13T12:10:53.237Z [32minfo[39m: Book created
2024-06-13T12:10:54.566Z [32minfo[39m: Book The Alchemist created by Tendwa
2024-06-13T12:10:55.439Z [31merror[39m: ConnectionManager.getConnection was called after the connection manager was closed!
2024-06-13T12:10:56.211Z [31merror[39m: Unauthorized access request by JackieChan
2024-06-13T12:11:45.787Z [32minfo[39m: Server running on port 8000
2024-06-13T12:11:46.870Z [32minfo[39m: Book The Alchemist created by Tendwa
2024-06-13T12:11:47.059Z [32minfo[39m: Book The Alchemist created by Tendwa
2024-06-13T12:11:47.070Z [32minfo[39m: Book created
2024-06-13T12:11:48.710Z [32minfo[39m: Book The Alchemist created by Tendwa
2024-06-13T12:11:49.694Z [31merror[39m: Unauthorized access request by JackieChan
2024-06-13T12:11:50.591Z [31merror[39m: ConnectionManager.getConnection was called after the connection manager was closed!
2024-06-13T12:13:39.598Z [32minfo[39m: Server running on port 8000
2024-06-13T12:13:40.842Z [32minfo[39m: Book The Alchemist created by Tendwa
2024-06-13T12:13:41.060Z [32minfo[39m: Book The Alchemist created by Tendwa
2024-06-13T12:13:41.079Z [32minfo[39m: Book created
2024-06-13T12:13:42.662Z [32minfo[39m: Book The Alchemist created by Tendwa
2024-06-13T12:13:43.878Z [31merror[39m: Unauthorized access request by JackieChan
2024-06-13T12:13:45.191Z [31merror[39m: ConnectionManager.getConnection was called after the connection manager was closed!
2024-06-13T12:13:53.358Z [32minfo[39m: Server running on port 8000
2024-06-13T12:13:54.339Z [32minfo[39m: Book The Alchemist created by Tendwa
2024-06-13T12:13:54.588Z [32minfo[39m: Book The Alchemist created by Tendwa
2024-06-13T12:13:54.602Z [32minfo[39m: Book created
2024-06-13T12:13:56.336Z [32minfo[39m: Book The Alchemist created by Tendwa
2024-06-13T12:13:57.670Z [31merror[39m: ConnectionManager.getConnection was called after the connection manager was closed!
2024-06-13T12:13:58.592Z [31merror[39m: Unauthorized access request by JackieChan
2024-06-13T12:14:27.345Z [32minfo[39m: Server running on port 8000
2024-06-13T12:14:28.856Z [32minfo[39m: Book The Alchemist created by Tendwa
2024-06-13T12:14:29.170Z [32minfo[39m: Book The Alchemist created by Tendwa
2024-06-13T12:14:29.188Z [32minfo[39m: Book created
2024-06-13T12:14:31.127Z [32minfo[39m: Book The Alchemist created by Tendwa
2024-06-13T12:14:32.620Z [31merror[39m: ConnectionManager.getConnection was called after the connection manager was closed!
2024-06-13T12:14:33.571Z [31merror[39m: Unauthorized access request by JackieChan
2024-06-13T12:15:30.865Z [32minfo[39m: Server running on port 8000
2024-06-13T12:15:31.999Z [31merror[39m: Unauthorized access request by JackieChan
2024-06-13T12:15:33.697Z [32minfo[39m: Book The Alchemist created by Tendwa
2024-06-13T12:15:34.117Z [32minfo[39m: Server running on port 8000
2024-06-13T12:15:34.966Z [32minfo[39m: Book The Alchemist created by Tendwa
2024-06-13T12:15:35.184Z [32minfo[39m: Book The Alchemist created by Tendwa
2024-06-13T12:15:35.195Z [32minfo[39m: Book created
2024-06-13T12:15:37.116Z [31merror[39m: ConnectionManager.getConnection was called after the connection manager was closed!
2024-06-13T12:15:40.756Z [32minfo[39m: Server running on port 8000
2024-06-13T12:15:41.739Z [31merror[39m: Unauthorized access request by JackieChan
2024-06-13T12:15:42.778Z [32minfo[39m: Book The Alchemist created by Tendwa
2024-06-13T12:15:43.803Z [32minfo[39m: Book The Alchemist created by Tendwa
2024-06-13T12:15:44.011Z [32minfo[39m: Book The Alchemist created by Tendwa
2024-06-13T12:15:44.029Z [32minfo[39m: Book created
2024-06-13T12:15:45.505Z [31merror[39m: ConnectionManager.getConnection was called after the connection manager was closed!
2024-06-13T12:19:55.543Z [32minfo[39m: Server running on port 8000
2024-06-13T12:19:56.518Z [31merror[39m: Unauthorized access request by JackieChan
2024-06-13T12:19:57.308Z [32minfo[39m: Book The Alchemist created by Tendwa
2024-06-13T12:19:57.524Z [32minfo[39m: Book The Alchemist created by Tendwa
2024-06-13T12:19:57.534Z [32minfo[39m: Book created
2024-06-13T12:19:58.715Z [32minfo[39m: Server running on port 8000
2024-06-13T12:19:59.115Z [32minfo[39m: Book The Alchemist created by Tendwa
2024-06-13T12:20:00.398Z [31merror[39m: ConnectionManager.getConnection was called after the connection manager was closed!
2024-06-13T12:20:09.584Z [32minfo[39m: User Spiderman created
2024-06-13T12:21:57.316Z [32minfo[39m: User Tendwa created
2024-06-13T12:22:02.187Z [32minfo[39m: User Tendwa logged in
2024-06-13T12:23:51.171Z [32minfo[39m: Book Looney Tunes The Sequel 2 created by Tendwa
2024-06-13T12:24:10.036Z [32minfo[39m: Book Night and Day created by Tendwa
2024-06-13T12:24:23.575Z [32minfo[39m: Book Jazz Fest created by Tendwa
2024-06-13T12:24:57.885Z [32minfo[39m: Book Jazz Fest 2 created by Tendwa
2024-06-13T12:25:05.249Z [32minfo[39m: Book Jazz Fest 3 created by Tendwa
2024-06-13T12:25:31.106Z [32minfo[39m: Book Thursday Afternoon created by Tendwa
2024-06-13T12:31:13.581Z [32minfo[39m: Server running on port 8000
2024-06-13T12:31:14.500Z [31merror[39m: Unauthorized access request by JackieChan
2024-06-13T12:31:15.273Z [32minfo[39m: Book The Alchemist created by Tendwa
2024-06-13T12:31:15.428Z [32minfo[39m: Book The Alchemist created by Tendwa
2024-06-13T12:31:15.436Z [32minfo[39m: Book created
2024-06-13T12:31:16.502Z [32minfo[39m: Book The Alchemist created by Tendwa
2024-06-13T12:31:17.411Z [31merror[39m: ConnectionManager.getConnection was called after the connection manager was closed!
2024-06-13T12:31:49.453Z [32minfo[39m: Server running on port 8000
2024-06-13T12:36:28.331Z [32minfo[39m: User Tendwa created
2024-06-13T12:36:34.794Z [32minfo[39m: User Tendwa logged in
2024-06-13T12:39:37.468Z [32minfo[39m: Book Thursday Afternoon created by Tendwa
2024-06-13T12:39:45.735Z [32minfo[39m: Book Friday Afternoon created by Tendwa
2024-06-13T12:39:56.047Z [32minfo[39m: Book Saturday Afternoon created by Tendwa
2024-06-13T12:40:27.948Z [32minfo[39m: Book Janurary created by Tendwa
2024-06-13T12:40:35.643Z [32minfo[39m: Book February created by Tendwa
2024-06-13T12:44:21.688Z [32minfo[39m: Server running on port 8000
2024-06-13T12:44:30.289Z [32minfo[39m: Server running on port 8000
2024-06-13T12:49:41.566Z [32minfo[39m: Server running on port 8000
2024-06-13T12:53:08.425Z [32minfo[39m: Server running on port 8000
2024-06-13T12:57:36.701Z [32minfo[39m: Server running on port 8000
2024-06-13T12:59:31.270Z [31merror[39m: Validation error
2024-06-13T13:07:32.338Z [32minfo[39m: Server running on port 8000
2024-06-13T13:10:13.837Z [32minfo[39m: Server running on port 8000
2024-06-13T13:10:29.119Z [32minfo[39m: Server running on port 8000
2024-06-13T13:10:41.307Z [32minfo[39m: Server running on port 8000
2024-06-13T13:10:44.630Z [32minfo[39m: Server running on port 8000
2024-06-13T13:11:01.829Z [32minfo[39m: Server running on port 8000
2024-06-13T13:11:40.753Z [32minfo[39m: Server running on port 8000
2024-06-13T13:12:12.334Z [32minfo[39m: Server running on port 8000
2024-06-13T13:12:25.547Z [32minfo[39m: Server running on port 8000
2024-06-13T13:12:38.108Z [32minfo[39m: Server running on port 8000
2024-06-13T13:12:50.561Z [32minfo[39m: Server running on port 8000
2024-06-13T13:13:48.473Z [32minfo[39m: Server running on port 8000
2024-06-13T13:18:58.606Z [32minfo[39m: Server running on port 8000
2024-06-13T13:22:28.733Z [32minfo[39m: Server running on port 8000
2024-06-13T13:24:38.218Z [32minfo[39m: Server running on port 8000
2024-06-13T13:52:21.931Z [32minfo[39m: Server running on port 8000
2024-06-13T13:55:19.677Z [32minfo[39m: Server running on port 8000
2024-06-13T13:59:07.842Z [32minfo[39m: Server running on port 8000
2024-06-13T14:00:05.784Z [32minfo[39m: Server running on port 8000
2024-06-13T14:01:04.293Z [32minfo[39m: Server running on port 8000
2024-06-13T14:01:58.652Z [32minfo[39m: Server running on port 8000
2024-06-13T14:12:52.416Z [32minfo[39m: Server running on port 8000
2024-06-13T16:43:25.134Z [32minfo[39m: Server running on port 8000
2024-06-13T16:43:27.979Z [32minfo[39m: Server running on port 8000
2024-06-13T16:44:29.999Z [32minfo[39m: Server running on port 8000
2024-06-13T16:45:00.549Z [32minfo[39m: Server running on port 8000
2024-06-13T16:46:13.874Z [32minfo[39m: Server running on port 8000
2024-06-13T16:46:58.639Z [32minfo[39m: Server running on port 8000
2024-06-13T16:47:11.031Z [32minfo[39m: Author with ID AU035 deleted by Tendwa
2024-06-13T16:48:32.293Z [32minfo[39m: Server running on port 8000
2024-06-13T16:49:54.983Z [32minfo[39m: Author with ID AU035 deleted by Tendwa
2024-06-13T16:50:15.164Z [32minfo[39m: Server running on port 8000
2024-06-13T16:51:23.903Z [32minfo[39m: Server running on port 8000
2024-06-13T16:51:33.030Z [32minfo[39m: Author with ID AU035 deleted by Tendwa
2024-06-13T16:52:05.063Z [32minfo[39m: Server running on port 8000
2024-06-13T16:53:07.658Z [32minfo[39m: Server running on port 8000
2024-06-13T16:54:29.504Z [32minfo[39m: Server running on port 8000
2024-06-13T16:56:54.961Z [32minfo[39m: Author with ID AU035 deleted by Tendwa
2024-06-13T16:58:19.980Z [32minfo[39m: Server running on port 8000
2024-06-13T16:58:33.426Z [32minfo[39m: Author with ID AU035 deleted by Tendwa
2024-06-13T17:00:13.016Z [32minfo[39m: Server running on port 8000
2024-06-13T17:04:27.935Z [32minfo[39m: Server running on port 8000
2024-06-13T17:04:37.208Z [32minfo[39m: Server running on port 8000
2024-06-13T17:08:50.292Z [32minfo[39m: Server running on port 8000
2024-06-13T17:08:59.709Z [32minfo[39m: Book The Chemist created by Tendwa
2024-06-13T17:10:11.638Z [32minfo[39m: Server running on port 8000
2024-06-13T17:10:59.598Z [32minfo[39m: Book The Chemist created by Tendwa
2024-06-13T17:10:59.610Z [32minfo[39m: Book created
2024-06-13T17:13:35.874Z [32minfo[39m: Server running on port 8000
2024-06-13T17:16:27.886Z [32minfo[39m: Server running on port 8000
2024-06-13T17:17:07.704Z [32minfo[39m: Server running on port 8000
2024-06-13T17:19:16.202Z [32minfo[39m: Server running on port 8000
2024-06-13T17:19:21.151Z [32minfo[39m: Server running on port 8000
2024-06-13T17:20:01.413Z [32minfo[39m: Server running on port 8000
2024-06-13T17:20:19.611Z [32minfo[39m: Server running on port 8000
2024-06-13T17:21:53.247Z [32minfo[39m: Server running on port 8000
2024-06-13T17:22:02.087Z [32minfo[39m: Server running on port 8000
2024-06-13T17:22:18.005Z [32minfo[39m: Book The MAtchchemist created by Tendwa
2024-06-13T17:22:18.090Z [32minfo[39m: Book The PEchemist created by Tendwa
2024-06-13T17:22:19.007Z [32minfo[39m: Book The Alchemist created by Tendwa
2024-06-13T17:23:40.228Z [32minfo[39m: Server running on port 8000
2024-06-13T17:23:52.280Z [32minfo[39m: Book The MAtchchemist created by Tendwa
2024-06-13T17:23:52.358Z [32minfo[39m: Book The PEchemist created by Tendwa
2024-06-13T17:24:06.531Z [32minfo[39m: Book The MAtchchemist created by Tendwa
2024-06-13T17:24:06.647Z [32minfo[39m: Book The PEchemist created by Tendwa
2024-06-13T17:24:19.065Z [32minfo[39m: Server running on port 8000
2024-06-13T17:24:28.052Z [32minfo[39m: Book The MAtchchemist created by Tendwa
2024-06-13T17:24:28.127Z [32minfo[39m: Book The PEchemist created by Tendwa
2024-06-13T17:24:46.588Z [32minfo[39m: Server running on port 8000
2024-06-13T17:24:55.443Z [32minfo[39m: Book The MAtchchemist created by Tendwa
2024-06-13T17:24:55.552Z [32minfo[39m: Book The PEchemist created by Tendwa
2024-06-13T17:28:22.683Z [32minfo[39m: Server running on port 8000
2024-06-13T17:28:52.428Z [32minfo[39m: Book The MAtchchemist created by Tendwa
2024-06-13T17:28:52.509Z [32minfo[39m: Book The PEchemist created by Tendwa
2024-06-13T17:28:52.689Z [32minfo[39m: Book The Chemist created by Tendwa
2024-06-13T17:29:49.136Z [32minfo[39m: Server running on port 8000
2024-06-13T17:30:01.334Z [32minfo[39m: Book The MAtchchemist created by Tendwa
2024-06-13T17:30:01.443Z [32minfo[39m: Book The PEchemist created by Tendwa
2024-06-13T17:30:01.640Z [32minfo[39m: Book The Chemist created by Tendwa
2024-06-13T17:30:24.627Z [32minfo[39m: Server running on port 8000
2024-06-13T17:30:33.715Z [32minfo[39m: Book The MAtchchemist created by Tendwa
2024-06-13T17:30:33.788Z [32minfo[39m: Book The PEchemist created by Tendwa
2024-06-13T17:30:33.946Z [32minfo[39m: Book The Chemist created by Tendwa
2024-06-13T17:30:50.099Z [32minfo[39m: Server running on port 8000
2024-06-13T17:30:59.588Z [32minfo[39m: Book The MAtchchemist created by Tendwa
2024-06-13T17:30:59.689Z [32minfo[39m: Book The PEchemist created by Tendwa
2024-06-13T17:30:59.876Z [32minfo[39m: Book The Chemist created by Tendwa
2024-06-13T17:31:09.730Z [32minfo[39m: Server running on port 8000
2024-06-13T17:31:18.286Z [32minfo[39m: Book The MAtchchemist created by Tendwa
2024-06-13T17:31:18.349Z [32minfo[39m: Book The PEchemist created by Tendwa
2024-06-13T17:31:18.511Z [32minfo[39m: Book The Chemist created by Tendwa
2024-06-13T17:31:26.029Z [32minfo[39m: Server running on port 8000
2024-06-13T17:31:34.626Z [32minfo[39m: Book The MAtchchemist created by Tendwa
2024-06-13T17:31:34.721Z [32minfo[39m: Book The PEchemist created by Tendwa
2024-06-13T17:31:34.877Z [32minfo[39m: Book The Chemist created by Tendwa
2024-06-13T17:31:35.208Z [32minfo[39m: Loan with Member ID MB-759 and Book ISBN 9780062315080 deleted by Tendwa
2024-06-13T17:31:59.646Z [32minfo[39m: Server running on port 8000
2024-06-13T17:32:09.450Z [32minfo[39m: Book The MAtchchemist created by Tendwa
2024-06-13T17:32:09.541Z [32minfo[39m: Book The PEchemist created by Tendwa
2024-06-13T17:32:09.682Z [32minfo[39m: Book The Chemist created by Tendwa
2024-06-13T17:32:10.012Z [32minfo[39m: Loan with Member ID MB-259 and Book ISBN 9780062315080 deleted by Tendwa
2024-06-13T17:32:26.256Z [32minfo[39m: Server running on port 8000
2024-06-13T17:32:43.148Z [32minfo[39m: Book The MAtchchemist created by Tendwa
2024-06-13T17:32:43.234Z [32minfo[39m: Book The PEchemist created by Tendwa
2024-06-13T17:32:43.397Z [32minfo[39m: Book The Chemist created by Tendwa
2024-06-13T17:32:43.657Z [32minfo[39m: Loan with Member ID MB-935 and Book ISBN 9780062315080 deleted by Tendwa
2024-06-13T17:35:44.495Z [32minfo[39m: Book The MAtchchemist created by Tendwa
2024-06-13T17:35:44.574Z [32minfo[39m: Book The PEchemist created by Tendwa
2024-06-13T17:35:44.727Z [32minfo[39m: Book The Chemist created by Tendwa
2024-06-13T17:35:45.038Z [32minfo[39m: Loan with Member ID MB-216 and Book ISBN 9780062315080 deleted by Tendwa
2024-06-13T17:36:06.953Z [32minfo[39m: Server running on port 8000
2024-06-13T17:36:18.379Z [32minfo[39m: Book The MAtchchemist created by Tendwa
2024-06-13T17:36:18.472Z [32minfo[39m: Book The PEchemist created by Tendwa
2024-06-13T17:36:18.801Z [32minfo[39m: Book The Chemist created by Tendwa
2024-06-13T17:36:42.922Z [32minfo[39m: Server running on port 8000
2024-06-13T17:36:58.409Z [32minfo[39m: Server running on port 8000
2024-06-13T17:37:09.807Z [32minfo[39m: Book The MAtchchemist created by Tendwa
2024-06-13T17:37:09.897Z [32minfo[39m: Book The PEchemist created by Tendwa
2024-06-13T17:37:10.094Z [32minfo[39m: Book The Chemist created by Tendwa
2024-06-13T17:37:10.333Z [32minfo[39m: Loan with Member ID MB-418 and Book ISBN 9780062315080 deleted by Tendwa
2024-06-13T17:37:46.468Z [32minfo[39m: Server running on port 8000
2024-06-13T17:37:55.641Z [32minfo[39m: Book The MAtchchemist created by Tendwa
2024-06-13T17:37:55.730Z [32minfo[39m: Book The PEchemist created by Tendwa
2024-06-13T17:37:55.923Z [32minfo[39m: Book The Chemist created by Tendwa
2024-06-13T17:37:56.172Z [32minfo[39m: Loan with Member ID MB-230 and Book ISBN 9780062315080 deleted by Tendwa
2024-06-13T17:38:47.815Z [32minfo[39m: Server running on port 8000
2024-06-13T17:38:59.547Z [32minfo[39m: Book The MAtchchemist created by Tendwa
2024-06-13T17:38:59.630Z [32minfo[39m: Book The PEchemist created by Tendwa
2024-06-13T17:38:59.783Z [32minfo[39m: Book The Chemist created by Tendwa
2024-06-13T17:39:00.018Z [32minfo[39m: Loan with Member ID MB-302 and Book ISBN 9780062315080 deleted by Tendwa
2024-06-13T17:39:00.067Z [32minfo[39m: Loan with Member ID MB-302 and Book ISBN 9780062315090 deleted by Tendwa
2024-06-13T17:39:13.144Z [32minfo[39m: Server running on port 8000
2024-06-13T17:39:23.916Z [32minfo[39m: Book The MAtchchemist created by Tendwa
2024-06-13T17:39:24.010Z [32minfo[39m: Book The PEchemist created by Tendwa
2024-06-13T17:39:24.240Z [32minfo[39m: Book The Chemist created by Tendwa
2024-06-13T17:39:24.512Z [32minfo[39m: Loan with Member ID MB-266 and Book ISBN 9780062315080 deleted by Tendwa
2024-06-13T17:39:24.559Z [32minfo[39m: Loan with Member ID MB-266 and Book ISBN 9780062315090 deleted by Tendwa
2024-06-13T17:40:04.470Z [32minfo[39m: Server running on port 8000
2024-06-13T17:40:21.312Z [32minfo[39m: Book The MAtchchemist created by Tendwa
2024-06-13T17:40:21.398Z [32minfo[39m: Book The PEchemist created by Tendwa
2024-06-13T17:40:21.558Z [32minfo[39m: Book The Chemist created by Tendwa
2024-06-13T17:40:22.139Z [32minfo[39m: Loan with Member ID MB-29 and Book ISBN 9780062315080 deleted by Tendwa
2024-06-13T17:40:22.172Z [32minfo[39m: Loan with Member ID MB-29 and Book ISBN 9780062315090 deleted by Tendwa
2024-06-13T17:43:13.465Z [32minfo[39m: Server running on port 8000
2024-06-13T17:43:36.752Z [32minfo[39m: Server running on port 8000
2024-06-13T17:43:54.670Z [32minfo[39m: Book The MAtchchemist created by Tendwa
2024-06-13T17:43:54.736Z [32minfo[39m: Book The PEchemist created by Tendwa
2024-06-13T17:43:54.800Z [32minfo[39m: Book The Chemist created by Tendwa
2024-06-13T17:44:11.082Z [32minfo[39m: Book The MAtchchemist created by Tendwa
2024-06-13T17:44:11.164Z [32minfo[39m: Book The PEchemist created by Tendwa
2024-06-13T17:44:11.215Z [32minfo[39m: Book The Chemist created by Tendwa
2024-06-13T17:44:11.529Z [32minfo[39m: Loan with Member ID MB-890 and Book ISBN 9780062315080 deleted by Tendwa
2024-06-13T17:44:11.569Z [32minfo[39m: Loan with Member ID MB-890 and Book ISBN 9780062315090 deleted by Tendwa
2024-06-13T17:44:29.845Z [32minfo[39m: Book The MAtchchemist created by Tendwa
2024-06-13T17:44:29.932Z [32minfo[39m: Book The PEchemist created by Tendwa
2024-06-13T17:44:29.990Z [32minfo[39m: Book The Chemist created by Tendwa
2024-06-13T17:46:07.521Z [32minfo[39m: Server running on port 8000
2024-06-13T17:46:31.023Z [32minfo[39m: Server running on port 8000
2024-06-13T17:46:39.516Z [32minfo[39m: Book The MAtchchemist created by Tendwa
2024-06-13T17:46:39.587Z [32minfo[39m: Book The PEchemist created by Tendwa
2024-06-13T17:46:39.638Z [32minfo[39m: Book The Chemist created by Tendwa
2024-06-13T17:47:21.359Z [32minfo[39m: Server running on port 8000
2024-06-13T17:47:39.730Z [32minfo[39m: Book The MAtchchemist created by Tendwa
2024-06-13T17:47:39.852Z [32minfo[39m: Book The PEchemist created by Tendwa
2024-06-13T17:47:39.894Z [32minfo[39m: Book The Chemist created by Tendwa
2024-06-13T17:49:18.751Z [32minfo[39m: Server running on port 8000
2024-06-13T17:49:27.045Z [32minfo[39m: Book The MAtchchemist created by Tendwa
2024-06-13T17:49:27.106Z [32minfo[39m: Book The PEchemist created by Tendwa
2024-06-13T17:49:27.145Z [32minfo[39m: Book The Chemist created by Tendwa
2024-06-13T17:49:45.192Z [32minfo[39m: Server running on port 8000
2024-06-13T17:49:53.466Z [32minfo[39m: Book The MAtchchemist created by Tendwa
2024-06-13T17:49:53.574Z [32minfo[39m: Book The PEchemist created by Tendwa
2024-06-13T17:49:53.653Z [32minfo[39m: Book The Chemist created by Tendwa
2024-06-13T17:49:54.051Z [32minfo[39m: Loan with Member ID MB-292 and Book ISBN 9780062315080 deleted by Tendwa
2024-06-13T17:50:23.802Z [32minfo[39m: Server running on port 8000
2024-06-13T17:50:32.350Z [32minfo[39m: Book The MAtchchemist created by Tendwa
2024-06-13T17:50:32.433Z [32minfo[39m: Book The PEchemist created by Tendwa
2024-06-13T17:50:32.493Z [32minfo[39m: Book The Chemist created by Tendwa
2024-06-13T17:50:33.138Z [32minfo[39m: Loan with Member ID MB-463 and Book ISBN 9780062315080 deleted by Tendwa
2024-06-13T17:50:33.175Z [32minfo[39m: Loan with Member ID MB-463 and Book ISBN 9780062315090 deleted by Tendwa
2024-06-13T17:51:58.929Z [32minfo[39m: Server running on port 8000
2024-06-13T17:52:07.890Z [32minfo[39m: Book The MAtchchemist created by Tendwa
2024-06-13T17:52:07.977Z [32minfo[39m: Book The PEchemist created by Tendwa
2024-06-13T17:52:08.036Z [32minfo[39m: Book The Chemist created by Tendwa
2024-06-13T17:52:19.423Z [32minfo[39m: Book The MAtchchemist created by Tendwa
2024-06-13T17:52:19.533Z [32minfo[39m: Book The PEchemist created by Tendwa
2024-06-13T17:52:19.590Z [32minfo[39m: Book The Chemist created by Tendwa
2024-06-13T17:52:20.044Z [32minfo[39m: Loan with Member ID MB-810 and Book ISBN 9780062315080 deleted by Tendwa
2024-06-13T17:52:20.152Z [32minfo[39m: Loan with Member ID MB-810 and Book ISBN 9780062315090 deleted by Tendwa
2024-06-13T17:52:32.867Z [32minfo[39m: Book The MAtchchemist created by Tendwa
2024-06-13T17:52:32.924Z [32minfo[39m: Book The PEchemist created by Tendwa
2024-06-13T17:52:32.972Z [32minfo[39m: Book The Chemist created by Tendwa
2024-06-13T17:52:44.875Z [32minfo[39m: Book The MAtchchemist created by Tendwa
2024-06-13T17:52:44.958Z [32minfo[39m: Book The PEchemist created by Tendwa
2024-06-13T17:52:44.998Z [32minfo[39m: Book The Chemist created by Tendwa
2024-06-13T17:52:45.338Z [32minfo[39m: Loan with Member ID MB-759 and Book ISBN 9780062315080 deleted by Tendwa
2024-06-13T17:54:38.894Z [32minfo[39m: Server running on port 8000
2024-06-13T17:55:56.680Z [32minfo[39m: Server running on port 8000
2024-06-13T17:56:37.441Z [32minfo[39m: Server running on port 8000
2024-06-13T17:56:45.747Z [31merror[39m: Unauthorized access request by JackieChan
2024-06-13T17:58:55.047Z [32minfo[39m: User JackieChan created
2024-06-13T17:59:13.024Z [32minfo[39m: User Tendwa deleted
2024-06-13T18:00:40.225Z [32minfo[39m: Book The Chemist created by Tendwa
2024-06-13T18:00:40.240Z [32minfo[39m: Book created
2024-06-15T15:12:40.584Z [32minfo[39m: Server running on port 8000
2024-06-15T15:15:22.172Z [32minfo[39m: Server running on port 8000
2024-06-15T15:16:25.008Z [32minfo[39m: Server running on port 8000
2024-06-15T15:16:57.738Z [32minfo[39m: Server running on port 8000
2024-06-15T15:17:15.296Z [32minfo[39m: Server running on port 8000
2024-06-15T15:18:26.965Z [32minfo[39m: Server running on port 8000
2024-06-15T15:19:44.800Z [32minfo[39m: Server running on port 8000
2024-06-15T15:19:58.409Z [32minfo[39m: Server running on port 8000
2024-06-15T15:23:17.892Z [32minfo[39m: Server running on port 8000
2024-06-15T15:24:46.604Z [32minfo[39m: Server running on port 8000
